[0.981s] Invoking command in '/home/stefan-linux/repos/SpaceConcordiaDemo/ros2_ws/src/py_sub': PYTHONPATH=/home/stefan-linux/repos/SpaceConcordiaDemo/ros2_ws/build/py_sub/prefix_override:/home/stefan-linux/repos/SpaceConcordiaDemo/ros2_ws/install/py_sub/lib/python3.10/site-packages:${PYTHONPATH} /usr/bin/python3 setup.py egg_info --egg-base ../../build/py_sub build --build-base /home/stefan-linux/repos/SpaceConcordiaDemo/ros2_ws/build/py_sub/build install --record /home/stefan-linux/repos/SpaceConcordiaDemo/ros2_ws/build/py_sub/install.log --single-version-externally-managed
[1.253s] running egg_info
[1.254s] writing ../../build/py_sub/py_sub.egg-info/PKG-INFO
[1.254s] writing dependency_links to ../../build/py_sub/py_sub.egg-info/dependency_links.txt
[1.254s] writing entry points to ../../build/py_sub/py_sub.egg-info/entry_points.txt
[1.255s] writing requirements to ../../build/py_sub/py_sub.egg-info/requires.txt
[1.255s] writing top-level names to ../../build/py_sub/py_sub.egg-info/top_level.txt
[1.257s] reading manifest file '../../build/py_sub/py_sub.egg-info/SOURCES.txt'
[1.257s] adding license file 'LICENSE'
[1.258s] writing manifest file '../../build/py_sub/py_sub.egg-info/SOURCES.txt'
[1.258s] running build
[1.258s] running build_py
[1.258s] running install
[1.258s] running install_lib
[1.259s] running install_data
[1.260s] running install_egg_info
[1.262s] removing '/home/stefan-linux/repos/SpaceConcordiaDemo/ros2_ws/install/py_sub/lib/python3.10/site-packages/py_sub-0.0.0-py3.10.egg-info' (and everything under it)
[1.262s] Copying ../../build/py_sub/py_sub.egg-info to /home/stefan-linux/repos/SpaceConcordiaDemo/ros2_ws/install/py_sub/lib/python3.10/site-packages/py_sub-0.0.0-py3.10.egg-info
[1.263s] running install_scripts
[1.283s] Installing listener script to /home/stefan-linux/repos/SpaceConcordiaDemo/ros2_ws/install/py_sub/lib/py_sub
[1.283s] writing list of installed files to '/home/stefan-linux/repos/SpaceConcordiaDemo/ros2_ws/build/py_sub/install.log'
[1.310s] Invoked command in '/home/stefan-linux/repos/SpaceConcordiaDemo/ros2_ws/src/py_sub' returned '0': PYTHONPATH=/home/stefan-linux/repos/SpaceConcordiaDemo/ros2_ws/build/py_sub/prefix_override:/home/stefan-linux/repos/SpaceConcordiaDemo/ros2_ws/install/py_sub/lib/python3.10/site-packages:${PYTHONPATH} /usr/bin/python3 setup.py egg_info --egg-base ../../build/py_sub build --build-base /home/stefan-linux/repos/SpaceConcordiaDemo/ros2_ws/build/py_sub/build install --record /home/stefan-linux/repos/SpaceConcordiaDemo/ros2_ws/build/py_sub/install.log --single-version-externally-managed
