[0.074s] Invoking command in '/home/stefan-linux/repos/SpaceConcordiaDemo/ros2_ws/build/cpp_pubsub': CMAKE_PREFIX_PATH=/opt/ros/humble /usr/bin/cmake /home/stefan-linux/repos/SpaceConcordiaDemo/ros2_ws/src/cpp_pub -DCMAKE_INSTALL_PREFIX=/home/stefan-linux/repos/SpaceConcordiaDemo/ros2_ws/install/cpp_pubsub
[0.131s] -- The C compiler identification is GNU 11.4.0
[0.263s] -- The CXX compiler identification is GNU 11.4.0
[0.282s] -- Detecting C compiler ABI info
[0.466s] -- Detecting C compiler ABI info - done
[0.487s] -- Check for working C compiler: /usr/bin/cc - skipped
[0.488s] -- Detecting C compile features
[0.489s] -- Detecting C compile features - done
[0.497s] -- Detecting CXX compiler ABI info
[0.717s] -- Detecting CXX compiler ABI info - done
[0.741s] -- Check for working CXX compiler: /usr/bin/c++ - skipped
[0.742s] -- Detecting CXX compile features
[0.743s] -- Detecting CXX compile features - done
[0.750s] -- Found ament_cmake: 1.3.7 (/opt/ros/humble/share/ament_cmake/cmake)
[1.238s] -- Found Python3: /usr/bin/python3.10 (found version "3.10.12") found components: Interpreter 
[1.472s] -- Found ament_lint_auto: 0.12.10 (/opt/ros/humble/share/ament_lint_auto/cmake)
[1.700s] -- Added test 'cppcheck' to perform static code analysis on C / C++ code
[1.700s] -- Configured cppcheck include dirs: 
[1.700s] -- Configured cppcheck exclude dirs and/or files: 
[1.703s] -- Added test 'lint_cmake' to check CMake code style
[1.706s] -- Added test 'uncrustify' to check C / C++ code style
[1.706s] -- Configured uncrustify additional arguments: 
[1.708s] -- Added test 'xmllint' to check XML markup files
[1.711s] -- Configuring done
[1.720s] -- Generating done
[1.722s] -- Build files have been written to: /home/stefan-linux/repos/SpaceConcordiaDemo/ros2_ws/build/cpp_pubsub
[1.734s] Invoked command in '/home/stefan-linux/repos/SpaceConcordiaDemo/ros2_ws/build/cpp_pubsub' returned '0': CMAKE_PREFIX_PATH=/opt/ros/humble /usr/bin/cmake /home/stefan-linux/repos/SpaceConcordiaDemo/ros2_ws/src/cpp_pub -DCMAKE_INSTALL_PREFIX=/home/stefan-linux/repos/SpaceConcordiaDemo/ros2_ws/install/cpp_pubsub
[1.739s] Invoking command in '/home/stefan-linux/repos/SpaceConcordiaDemo/ros2_ws/build/cpp_pubsub': CMAKE_PREFIX_PATH=/opt/ros/humble /usr/bin/cmake --build /home/stefan-linux/repos/SpaceConcordiaDemo/ros2_ws/build/cpp_pubsub -- -j8 -l8
[1.853s] Invoked command in '/home/stefan-linux/repos/SpaceConcordiaDemo/ros2_ws/build/cpp_pubsub' returned '0': CMAKE_PREFIX_PATH=/opt/ros/humble /usr/bin/cmake --build /home/stefan-linux/repos/SpaceConcordiaDemo/ros2_ws/build/cpp_pubsub -- -j8 -l8
[1.946s] Invoking command in '/home/stefan-linux/repos/SpaceConcordiaDemo/ros2_ws/build/cpp_pubsub': CMAKE_PREFIX_PATH=/opt/ros/humble /usr/bin/cmake --install /home/stefan-linux/repos/SpaceConcordiaDemo/ros2_ws/build/cpp_pubsub
[1.968s] -- Install configuration: ""
[1.969s] -- Installing: /home/stefan-linux/repos/SpaceConcordiaDemo/ros2_ws/install/cpp_pubsub/share/ament_index/resource_index/package_run_dependencies/cpp_pubsub
[1.969s] -- Installing: /home/stefan-linux/repos/SpaceConcordiaDemo/ros2_ws/install/cpp_pubsub/share/ament_index/resource_index/parent_prefix_path/cpp_pubsub
[1.970s] -- Installing: /home/stefan-linux/repos/SpaceConcordiaDemo/ros2_ws/install/cpp_pubsub/share/cpp_pubsub/environment/ament_prefix_path.sh
[1.971s] -- Installing: /home/stefan-linux/repos/SpaceConcordiaDemo/ros2_ws/install/cpp_pubsub/share/cpp_pubsub/environment/ament_prefix_path.dsv
[1.971s] -- Installing: /home/stefan-linux/repos/SpaceConcordiaDemo/ros2_ws/install/cpp_pubsub/share/cpp_pubsub/environment/path.sh
[1.972s] -- Installing: /home/stefan-linux/repos/SpaceConcordiaDemo/ros2_ws/install/cpp_pubsub/share/cpp_pubsub/environment/path.dsv
[1.972s] -- Installing: /home/stefan-linux/repos/SpaceConcordiaDemo/ros2_ws/install/cpp_pubsub/share/cpp_pubsub/local_setup.bash
[1.972s] -- Installing: /home/stefan-linux/repos/SpaceConcordiaDemo/ros2_ws/install/cpp_pubsub/share/cpp_pubsub/local_setup.sh
[1.973s] -- Installing: /home/stefan-linux/repos/SpaceConcordiaDemo/ros2_ws/install/cpp_pubsub/share/cpp_pubsub/local_setup.zsh
[1.973s] -- Installing: /home/stefan-linux/repos/SpaceConcordiaDemo/ros2_ws/install/cpp_pubsub/share/cpp_pubsub/local_setup.dsv
[1.974s] -- Installing: /home/stefan-linux/repos/SpaceConcordiaDemo/ros2_ws/install/cpp_pubsub/share/cpp_pubsub/package.dsv
[1.975s] -- Installing: /home/stefan-linux/repos/SpaceConcordiaDemo/ros2_ws/install/cpp_pubsub/share/ament_index/resource_index/packages/cpp_pubsub
[1.976s] -- Installing: /home/stefan-linux/repos/SpaceConcordiaDemo/ros2_ws/install/cpp_pubsub/share/cpp_pubsub/cmake/cpp_pubsubConfig.cmake
[1.976s] -- Installing: /home/stefan-linux/repos/SpaceConcordiaDemo/ros2_ws/install/cpp_pubsub/share/cpp_pubsub/cmake/cpp_pubsubConfig-version.cmake
[1.976s] -- Installing: /home/stefan-linux/repos/SpaceConcordiaDemo/ros2_ws/install/cpp_pubsub/share/cpp_pubsub/package.xml
[1.982s] Invoked command in '/home/stefan-linux/repos/SpaceConcordiaDemo/ros2_ws/build/cpp_pubsub' returned '0': CMAKE_PREFIX_PATH=/opt/ros/humble /usr/bin/cmake --install /home/stefan-linux/repos/SpaceConcordiaDemo/ros2_ws/build/cpp_pubsub
