[1.521s] DEBUG:colcon:Command line arguments: ['/usr/bin/colcon', 'build']
[1.521s] DEBUG:colcon:Parsed command line arguments: Namespace(log_base=None, log_level=None, verb_name='build', build_base='build', install_base='install', merge_install=False, symlink_install=False, test_result_base=None, continue_on_error=False, executor='parallel', parallel_workers=8, event_handlers=None, ignore_user_meta=False, metas=['./colcon.meta'], base_paths=['.'], packages_ignore=None, packages_ignore_regex=None, paths=None, packages_up_to=None, packages_up_to_regex=None, packages_above=None, packages_above_and_dependencies=None, packages_above_depth=None, packages_select_by_dep=None, packages_skip_by_dep=None, packages_skip_up_to=None, packages_select_build_failed=False, packages_skip_build_finished=False, packages_select_test_failures=False, packages_skip_test_passed=False, packages_select=None, packages_skip=None, packages_select_regex=None, packages_skip_regex=None, packages_start=None, packages_end=None, allow_overriding=[], cmake_args=None, cmake_target=None, cmake_target_skip_unavailable=False, cmake_clean_cache=False, cmake_clean_first=False, cmake_force_configure=False, ament_cmake_args=None, catkin_cmake_args=None, catkin_skip_building_tests=False, verb_parser=<colcon_defaults.argument_parser.defaults.DefaultArgumentsDecorator object at 0x7f798f8e5000>, verb_extension=<colcon_core.verb.build.BuildVerb object at 0x7f798f879d50>, main=<bound method BuildVerb.main of <colcon_core.verb.build.BuildVerb object at 0x7f798f879d50>>)
[1.573s] Level 1:colcon.colcon_core.package_discovery:discover_packages(colcon_meta) check parameters
[1.573s] Level 1:colcon.colcon_core.package_discovery:discover_packages(recursive) check parameters
[1.573s] Level 1:colcon.colcon_core.package_discovery:discover_packages(ignore) check parameters
[1.573s] Level 1:colcon.colcon_core.package_discovery:discover_packages(path) check parameters
[1.573s] Level 1:colcon.colcon_core.package_discovery:discover_packages(colcon_meta) discover
[1.574s] Level 1:colcon.colcon_core.package_discovery:discover_packages(recursive) discover
[1.574s] INFO:colcon.colcon_core.package_discovery:Crawling recursively for packages in '/home/stefan-linux/repos/SpaceConcordiaDemo/ros2_ws'
[1.574s] Level 1:colcon.colcon_core.package_identification:_identify(.) by extensions ['ignore', 'ignore_ament_install']
[1.574s] Level 1:colcon.colcon_core.package_identification:_identify(.) by extension 'ignore'
[1.574s] Level 1:colcon.colcon_core.package_identification:_identify(.) by extension 'ignore_ament_install'
[1.574s] Level 1:colcon.colcon_core.package_identification:_identify(.) by extensions ['colcon_pkg']
[1.574s] Level 1:colcon.colcon_core.package_identification:_identify(.) by extension 'colcon_pkg'
[1.574s] Level 1:colcon.colcon_core.package_identification:_identify(.) by extensions ['colcon_meta']
[1.574s] Level 1:colcon.colcon_core.package_identification:_identify(.) by extension 'colcon_meta'
[1.574s] Level 1:colcon.colcon_core.package_identification:_identify(.) by extensions ['ros']
[1.574s] Level 1:colcon.colcon_core.package_identification:_identify(.) by extension 'ros'
[1.585s] Level 1:colcon.colcon_core.package_identification:_identify(.) by extensions ['cmake', 'python']
[1.585s] Level 1:colcon.colcon_core.package_identification:_identify(.) by extension 'cmake'
[1.585s] Level 1:colcon.colcon_core.package_identification:_identify(.) by extension 'python'
[1.585s] Level 1:colcon.colcon_core.package_identification:_identify(.) by extensions ['python_setup_py']
[1.585s] Level 1:colcon.colcon_core.package_identification:_identify(.) by extension 'python_setup_py'
[1.585s] Level 1:colcon.colcon_core.package_identification:_identify(build) by extensions ['ignore', 'ignore_ament_install']
[1.585s] Level 1:colcon.colcon_core.package_identification:_identify(build) by extension 'ignore'
[1.585s] Level 1:colcon.colcon_core.package_identification:_identify(build) ignored
[1.585s] Level 1:colcon.colcon_core.package_identification:_identify(install) by extensions ['ignore', 'ignore_ament_install']
[1.585s] Level 1:colcon.colcon_core.package_identification:_identify(install) by extension 'ignore'
[1.585s] Level 1:colcon.colcon_core.package_identification:_identify(install) ignored
[1.586s] Level 1:colcon.colcon_core.package_identification:_identify(log) by extensions ['ignore', 'ignore_ament_install']
[1.586s] Level 1:colcon.colcon_core.package_identification:_identify(log) by extension 'ignore'
[1.586s] Level 1:colcon.colcon_core.package_identification:_identify(log) ignored
[1.586s] Level 1:colcon.colcon_core.package_identification:_identify(src) by extensions ['ignore', 'ignore_ament_install']
[1.586s] Level 1:colcon.colcon_core.package_identification:_identify(src) by extension 'ignore'
[1.586s] Level 1:colcon.colcon_core.package_identification:_identify(src) by extension 'ignore_ament_install'
[1.586s] Level 1:colcon.colcon_core.package_identification:_identify(src) by extensions ['colcon_pkg']
[1.586s] Level 1:colcon.colcon_core.package_identification:_identify(src) by extension 'colcon_pkg'
[1.586s] Level 1:colcon.colcon_core.package_identification:_identify(src) by extensions ['colcon_meta']
[1.586s] Level 1:colcon.colcon_core.package_identification:_identify(src) by extension 'colcon_meta'
[1.586s] Level 1:colcon.colcon_core.package_identification:_identify(src) by extensions ['ros']
[1.586s] Level 1:colcon.colcon_core.package_identification:_identify(src) by extension 'ros'
[1.586s] Level 1:colcon.colcon_core.package_identification:_identify(src) by extensions ['cmake', 'python']
[1.586s] Level 1:colcon.colcon_core.package_identification:_identify(src) by extension 'cmake'
[1.586s] Level 1:colcon.colcon_core.package_identification:_identify(src) by extension 'python'
[1.586s] Level 1:colcon.colcon_core.package_identification:_identify(src) by extensions ['python_setup_py']
[1.586s] Level 1:colcon.colcon_core.package_identification:_identify(src) by extension 'python_setup_py'
[1.586s] Level 1:colcon.colcon_core.package_identification:_identify(src/build) by extensions ['ignore', 'ignore_ament_install']
[1.587s] Level 1:colcon.colcon_core.package_identification:_identify(src/build) by extension 'ignore'
[1.587s] Level 1:colcon.colcon_core.package_identification:_identify(src/build) by extension 'ignore_ament_install'
[1.587s] Level 1:colcon.colcon_core.package_identification:_identify(src/build) by extensions ['colcon_pkg']
[1.587s] Level 1:colcon.colcon_core.package_identification:_identify(src/build) by extension 'colcon_pkg'
[1.587s] Level 1:colcon.colcon_core.package_identification:_identify(src/build) by extensions ['colcon_meta']
[1.587s] Level 1:colcon.colcon_core.package_identification:_identify(src/build) by extension 'colcon_meta'
[1.587s] Level 1:colcon.colcon_core.package_identification:_identify(src/build) by extensions ['ros']
[1.587s] Level 1:colcon.colcon_core.package_identification:_identify(src/build) by extension 'ros'
[1.587s] Level 1:colcon.colcon_core.package_identification:_identify(src/build) by extensions ['cmake', 'python']
[1.587s] Level 1:colcon.colcon_core.package_identification:_identify(src/build) by extension 'cmake'
[1.587s] Level 1:colcon.colcon_core.package_identification:_identify(src/build) by extension 'python'
[1.587s] Level 1:colcon.colcon_core.package_identification:_identify(src/build) by extensions ['python_setup_py']
[1.587s] Level 1:colcon.colcon_core.package_identification:_identify(src/build) by extension 'python_setup_py'
[1.587s] Level 1:colcon.colcon_core.package_identification:_identify(src/build/CMakeFiles) by extensions ['ignore', 'ignore_ament_install']
[1.587s] Level 1:colcon.colcon_core.package_identification:_identify(src/build/CMakeFiles) by extension 'ignore'
[1.587s] Level 1:colcon.colcon_core.package_identification:_identify(src/build/CMakeFiles) by extension 'ignore_ament_install'
[1.587s] Level 1:colcon.colcon_core.package_identification:_identify(src/build/CMakeFiles) by extensions ['colcon_pkg']
[1.587s] Level 1:colcon.colcon_core.package_identification:_identify(src/build/CMakeFiles) by extension 'colcon_pkg'
[1.587s] Level 1:colcon.colcon_core.package_identification:_identify(src/build/CMakeFiles) by extensions ['colcon_meta']
[1.587s] Level 1:colcon.colcon_core.package_identification:_identify(src/build/CMakeFiles) by extension 'colcon_meta'
[1.588s] Level 1:colcon.colcon_core.package_identification:_identify(src/build/CMakeFiles) by extensions ['ros']
[1.588s] Level 1:colcon.colcon_core.package_identification:_identify(src/build/CMakeFiles) by extension 'ros'
[1.588s] Level 1:colcon.colcon_core.package_identification:_identify(src/build/CMakeFiles) by extensions ['cmake', 'python']
[1.588s] Level 1:colcon.colcon_core.package_identification:_identify(src/build/CMakeFiles) by extension 'cmake'
[1.588s] Level 1:colcon.colcon_core.package_identification:_identify(src/build/CMakeFiles) by extension 'python'
[1.588s] Level 1:colcon.colcon_core.package_identification:_identify(src/build/CMakeFiles) by extensions ['python_setup_py']
[1.588s] Level 1:colcon.colcon_core.package_identification:_identify(src/build/CMakeFiles) by extension 'python_setup_py'
[1.588s] Level 1:colcon.colcon_core.package_identification:_identify(src/build/CMakeFiles/3.22.1) by extensions ['ignore', 'ignore_ament_install']
[1.588s] Level 1:colcon.colcon_core.package_identification:_identify(src/build/CMakeFiles/3.22.1) by extension 'ignore'
[1.588s] Level 1:colcon.colcon_core.package_identification:_identify(src/build/CMakeFiles/3.22.1) by extension 'ignore_ament_install'
[1.588s] Level 1:colcon.colcon_core.package_identification:_identify(src/build/CMakeFiles/3.22.1) by extensions ['colcon_pkg']
[1.588s] Level 1:colcon.colcon_core.package_identification:_identify(src/build/CMakeFiles/3.22.1) by extension 'colcon_pkg'
[1.588s] Level 1:colcon.colcon_core.package_identification:_identify(src/build/CMakeFiles/3.22.1) by extensions ['colcon_meta']
[1.588s] Level 1:colcon.colcon_core.package_identification:_identify(src/build/CMakeFiles/3.22.1) by extension 'colcon_meta'
[1.588s] Level 1:colcon.colcon_core.package_identification:_identify(src/build/CMakeFiles/3.22.1) by extensions ['ros']
[1.588s] Level 1:colcon.colcon_core.package_identification:_identify(src/build/CMakeFiles/3.22.1) by extension 'ros'
[1.588s] Level 1:colcon.colcon_core.package_identification:_identify(src/build/CMakeFiles/3.22.1) by extensions ['cmake', 'python']
[1.588s] Level 1:colcon.colcon_core.package_identification:_identify(src/build/CMakeFiles/3.22.1) by extension 'cmake'
[1.588s] Level 1:colcon.colcon_core.package_identification:_identify(src/build/CMakeFiles/3.22.1) by extension 'python'
[1.589s] Level 1:colcon.colcon_core.package_identification:_identify(src/build/CMakeFiles/3.22.1) by extensions ['python_setup_py']
[1.589s] Level 1:colcon.colcon_core.package_identification:_identify(src/build/CMakeFiles/3.22.1) by extension 'python_setup_py'
[1.589s] Level 1:colcon.colcon_core.package_identification:_identify(src/build/CMakeFiles/3.22.1/CompilerIdC) by extensions ['ignore', 'ignore_ament_install']
[1.589s] Level 1:colcon.colcon_core.package_identification:_identify(src/build/CMakeFiles/3.22.1/CompilerIdC) by extension 'ignore'
[1.589s] Level 1:colcon.colcon_core.package_identification:_identify(src/build/CMakeFiles/3.22.1/CompilerIdC) by extension 'ignore_ament_install'
[1.589s] Level 1:colcon.colcon_core.package_identification:_identify(src/build/CMakeFiles/3.22.1/CompilerIdC) by extensions ['colcon_pkg']
[1.589s] Level 1:colcon.colcon_core.package_identification:_identify(src/build/CMakeFiles/3.22.1/CompilerIdC) by extension 'colcon_pkg'
[1.589s] Level 1:colcon.colcon_core.package_identification:_identify(src/build/CMakeFiles/3.22.1/CompilerIdC) by extensions ['colcon_meta']
[1.589s] Level 1:colcon.colcon_core.package_identification:_identify(src/build/CMakeFiles/3.22.1/CompilerIdC) by extension 'colcon_meta'
[1.589s] Level 1:colcon.colcon_core.package_identification:_identify(src/build/CMakeFiles/3.22.1/CompilerIdC) by extensions ['ros']
[1.589s] Level 1:colcon.colcon_core.package_identification:_identify(src/build/CMakeFiles/3.22.1/CompilerIdC) by extension 'ros'
[1.589s] Level 1:colcon.colcon_core.package_identification:_identify(src/build/CMakeFiles/3.22.1/CompilerIdC) by extensions ['cmake', 'python']
[1.589s] Level 1:colcon.colcon_core.package_identification:_identify(src/build/CMakeFiles/3.22.1/CompilerIdC) by extension 'cmake'
[1.589s] Level 1:colcon.colcon_core.package_identification:_identify(src/build/CMakeFiles/3.22.1/CompilerIdC) by extension 'python'
[1.589s] Level 1:colcon.colcon_core.package_identification:_identify(src/build/CMakeFiles/3.22.1/CompilerIdC) by extensions ['python_setup_py']
[1.589s] Level 1:colcon.colcon_core.package_identification:_identify(src/build/CMakeFiles/3.22.1/CompilerIdC) by extension 'python_setup_py'
[1.589s] Level 1:colcon.colcon_core.package_identification:_identify(src/build/CMakeFiles/3.22.1/CompilerIdC/tmp) by extensions ['ignore', 'ignore_ament_install']
[1.589s] Level 1:colcon.colcon_core.package_identification:_identify(src/build/CMakeFiles/3.22.1/CompilerIdC/tmp) by extension 'ignore'
[1.590s] Level 1:colcon.colcon_core.package_identification:_identify(src/build/CMakeFiles/3.22.1/CompilerIdC/tmp) by extension 'ignore_ament_install'
[1.590s] Level 1:colcon.colcon_core.package_identification:_identify(src/build/CMakeFiles/3.22.1/CompilerIdC/tmp) by extensions ['colcon_pkg']
[1.590s] Level 1:colcon.colcon_core.package_identification:_identify(src/build/CMakeFiles/3.22.1/CompilerIdC/tmp) by extension 'colcon_pkg'
[1.590s] Level 1:colcon.colcon_core.package_identification:_identify(src/build/CMakeFiles/3.22.1/CompilerIdC/tmp) by extensions ['colcon_meta']
[1.590s] Level 1:colcon.colcon_core.package_identification:_identify(src/build/CMakeFiles/3.22.1/CompilerIdC/tmp) by extension 'colcon_meta'
[1.590s] Level 1:colcon.colcon_core.package_identification:_identify(src/build/CMakeFiles/3.22.1/CompilerIdC/tmp) by extensions ['ros']
[1.590s] Level 1:colcon.colcon_core.package_identification:_identify(src/build/CMakeFiles/3.22.1/CompilerIdC/tmp) by extension 'ros'
[1.590s] Level 1:colcon.colcon_core.package_identification:_identify(src/build/CMakeFiles/3.22.1/CompilerIdC/tmp) by extensions ['cmake', 'python']
[1.590s] Level 1:colcon.colcon_core.package_identification:_identify(src/build/CMakeFiles/3.22.1/CompilerIdC/tmp) by extension 'cmake'
[1.590s] Level 1:colcon.colcon_core.package_identification:_identify(src/build/CMakeFiles/3.22.1/CompilerIdC/tmp) by extension 'python'
[1.590s] Level 1:colcon.colcon_core.package_identification:_identify(src/build/CMakeFiles/3.22.1/CompilerIdC/tmp) by extensions ['python_setup_py']
[1.590s] Level 1:colcon.colcon_core.package_identification:_identify(src/build/CMakeFiles/3.22.1/CompilerIdC/tmp) by extension 'python_setup_py'
[1.590s] Level 1:colcon.colcon_core.package_identification:_identify(src/build/CMakeFiles/3.22.1/CompilerIdCXX) by extensions ['ignore', 'ignore_ament_install']
[1.590s] Level 1:colcon.colcon_core.package_identification:_identify(src/build/CMakeFiles/3.22.1/CompilerIdCXX) by extension 'ignore'
[1.590s] Level 1:colcon.colcon_core.package_identification:_identify(src/build/CMakeFiles/3.22.1/CompilerIdCXX) by extension 'ignore_ament_install'
[1.590s] Level 1:colcon.colcon_core.package_identification:_identify(src/build/CMakeFiles/3.22.1/CompilerIdCXX) by extensions ['colcon_pkg']
[1.590s] Level 1:colcon.colcon_core.package_identification:_identify(src/build/CMakeFiles/3.22.1/CompilerIdCXX) by extension 'colcon_pkg'
[1.590s] Level 1:colcon.colcon_core.package_identification:_identify(src/build/CMakeFiles/3.22.1/CompilerIdCXX) by extensions ['colcon_meta']
[1.590s] Level 1:colcon.colcon_core.package_identification:_identify(src/build/CMakeFiles/3.22.1/CompilerIdCXX) by extension 'colcon_meta'
[1.590s] Level 1:colcon.colcon_core.package_identification:_identify(src/build/CMakeFiles/3.22.1/CompilerIdCXX) by extensions ['ros']
[1.591s] Level 1:colcon.colcon_core.package_identification:_identify(src/build/CMakeFiles/3.22.1/CompilerIdCXX) by extension 'ros'
[1.591s] Level 1:colcon.colcon_core.package_identification:_identify(src/build/CMakeFiles/3.22.1/CompilerIdCXX) by extensions ['cmake', 'python']
[1.591s] Level 1:colcon.colcon_core.package_identification:_identify(src/build/CMakeFiles/3.22.1/CompilerIdCXX) by extension 'cmake'
[1.591s] Level 1:colcon.colcon_core.package_identification:_identify(src/build/CMakeFiles/3.22.1/CompilerIdCXX) by extension 'python'
[1.591s] Level 1:colcon.colcon_core.package_identification:_identify(src/build/CMakeFiles/3.22.1/CompilerIdCXX) by extensions ['python_setup_py']
[1.591s] Level 1:colcon.colcon_core.package_identification:_identify(src/build/CMakeFiles/3.22.1/CompilerIdCXX) by extension 'python_setup_py'
[1.591s] Level 1:colcon.colcon_core.package_identification:_identify(src/build/CMakeFiles/3.22.1/CompilerIdCXX/tmp) by extensions ['ignore', 'ignore_ament_install']
[1.591s] Level 1:colcon.colcon_core.package_identification:_identify(src/build/CMakeFiles/3.22.1/CompilerIdCXX/tmp) by extension 'ignore'
[1.591s] Level 1:colcon.colcon_core.package_identification:_identify(src/build/CMakeFiles/3.22.1/CompilerIdCXX/tmp) by extension 'ignore_ament_install'
[1.591s] Level 1:colcon.colcon_core.package_identification:_identify(src/build/CMakeFiles/3.22.1/CompilerIdCXX/tmp) by extensions ['colcon_pkg']
[1.591s] Level 1:colcon.colcon_core.package_identification:_identify(src/build/CMakeFiles/3.22.1/CompilerIdCXX/tmp) by extension 'colcon_pkg'
[1.591s] Level 1:colcon.colcon_core.package_identification:_identify(src/build/CMakeFiles/3.22.1/CompilerIdCXX/tmp) by extensions ['colcon_meta']
[1.591s] Level 1:colcon.colcon_core.package_identification:_identify(src/build/CMakeFiles/3.22.1/CompilerIdCXX/tmp) by extension 'colcon_meta'
[1.591s] Level 1:colcon.colcon_core.package_identification:_identify(src/build/CMakeFiles/3.22.1/CompilerIdCXX/tmp) by extensions ['ros']
[1.591s] Level 1:colcon.colcon_core.package_identification:_identify(src/build/CMakeFiles/3.22.1/CompilerIdCXX/tmp) by extension 'ros'
[1.591s] Level 1:colcon.colcon_core.package_identification:_identify(src/build/CMakeFiles/3.22.1/CompilerIdCXX/tmp) by extensions ['cmake', 'python']
[1.591s] Level 1:colcon.colcon_core.package_identification:_identify(src/build/CMakeFiles/3.22.1/CompilerIdCXX/tmp) by extension 'cmake'
[1.591s] Level 1:colcon.colcon_core.package_identification:_identify(src/build/CMakeFiles/3.22.1/CompilerIdCXX/tmp) by extension 'python'
[1.592s] Level 1:colcon.colcon_core.package_identification:_identify(src/build/CMakeFiles/3.22.1/CompilerIdCXX/tmp) by extensions ['python_setup_py']
[1.592s] Level 1:colcon.colcon_core.package_identification:_identify(src/build/CMakeFiles/3.22.1/CompilerIdCXX/tmp) by extension 'python_setup_py'
[1.592s] Level 1:colcon.colcon_core.package_identification:_identify(src/build/CMakeFiles/CMakeTmp) by extensions ['ignore', 'ignore_ament_install']
[1.592s] Level 1:colcon.colcon_core.package_identification:_identify(src/build/CMakeFiles/CMakeTmp) by extension 'ignore'
[1.592s] Level 1:colcon.colcon_core.package_identification:_identify(src/build/CMakeFiles/CMakeTmp) by extension 'ignore_ament_install'
[1.592s] Level 1:colcon.colcon_core.package_identification:_identify(src/build/CMakeFiles/CMakeTmp) by extensions ['colcon_pkg']
[1.592s] Level 1:colcon.colcon_core.package_identification:_identify(src/build/CMakeFiles/CMakeTmp) by extension 'colcon_pkg'
[1.592s] Level 1:colcon.colcon_core.package_identification:_identify(src/build/CMakeFiles/CMakeTmp) by extensions ['colcon_meta']
[1.592s] Level 1:colcon.colcon_core.package_identification:_identify(src/build/CMakeFiles/CMakeTmp) by extension 'colcon_meta'
[1.592s] Level 1:colcon.colcon_core.package_identification:_identify(src/build/CMakeFiles/CMakeTmp) by extensions ['ros']
[1.592s] Level 1:colcon.colcon_core.package_identification:_identify(src/build/CMakeFiles/CMakeTmp) by extension 'ros'
[1.592s] Level 1:colcon.colcon_core.package_identification:_identify(src/build/CMakeFiles/CMakeTmp) by extensions ['cmake', 'python']
[1.592s] Level 1:colcon.colcon_core.package_identification:_identify(src/build/CMakeFiles/CMakeTmp) by extension 'cmake'
[1.592s] Level 1:colcon.colcon_core.package_identification:_identify(src/build/CMakeFiles/CMakeTmp) by extension 'python'
[1.592s] Level 1:colcon.colcon_core.package_identification:_identify(src/build/CMakeFiles/CMakeTmp) by extensions ['python_setup_py']
[1.592s] Level 1:colcon.colcon_core.package_identification:_identify(src/build/CMakeFiles/CMakeTmp) by extension 'python_setup_py'
[1.592s] Level 1:colcon.colcon_core.package_identification:_identify(src/build/CMakeFiles/cpp_pub_uninstall.dir) by extensions ['ignore', 'ignore_ament_install']
[1.592s] Level 1:colcon.colcon_core.package_identification:_identify(src/build/CMakeFiles/cpp_pub_uninstall.dir) by extension 'ignore'
[1.593s] Level 1:colcon.colcon_core.package_identification:_identify(src/build/CMakeFiles/cpp_pub_uninstall.dir) by extension 'ignore_ament_install'
[1.593s] Level 1:colcon.colcon_core.package_identification:_identify(src/build/CMakeFiles/cpp_pub_uninstall.dir) by extensions ['colcon_pkg']
[1.593s] Level 1:colcon.colcon_core.package_identification:_identify(src/build/CMakeFiles/cpp_pub_uninstall.dir) by extension 'colcon_pkg'
[1.593s] Level 1:colcon.colcon_core.package_identification:_identify(src/build/CMakeFiles/cpp_pub_uninstall.dir) by extensions ['colcon_meta']
[1.593s] Level 1:colcon.colcon_core.package_identification:_identify(src/build/CMakeFiles/cpp_pub_uninstall.dir) by extension 'colcon_meta'
[1.593s] Level 1:colcon.colcon_core.package_identification:_identify(src/build/CMakeFiles/cpp_pub_uninstall.dir) by extensions ['ros']
[1.593s] Level 1:colcon.colcon_core.package_identification:_identify(src/build/CMakeFiles/cpp_pub_uninstall.dir) by extension 'ros'
[1.593s] Level 1:colcon.colcon_core.package_identification:_identify(src/build/CMakeFiles/cpp_pub_uninstall.dir) by extensions ['cmake', 'python']
[1.593s] Level 1:colcon.colcon_core.package_identification:_identify(src/build/CMakeFiles/cpp_pub_uninstall.dir) by extension 'cmake'
[1.593s] Level 1:colcon.colcon_core.package_identification:_identify(src/build/CMakeFiles/cpp_pub_uninstall.dir) by extension 'python'
[1.593s] Level 1:colcon.colcon_core.package_identification:_identify(src/build/CMakeFiles/cpp_pub_uninstall.dir) by extensions ['python_setup_py']
[1.593s] Level 1:colcon.colcon_core.package_identification:_identify(src/build/CMakeFiles/cpp_pub_uninstall.dir) by extension 'python_setup_py'
[1.593s] Level 1:colcon.colcon_core.package_identification:_identify(src/build/CMakeFiles/cpp_pubsub_uninstall.dir) by extensions ['ignore', 'ignore_ament_install']
[1.593s] Level 1:colcon.colcon_core.package_identification:_identify(src/build/CMakeFiles/cpp_pubsub_uninstall.dir) by extension 'ignore'
[1.593s] Level 1:colcon.colcon_core.package_identification:_identify(src/build/CMakeFiles/cpp_pubsub_uninstall.dir) by extension 'ignore_ament_install'
[1.593s] Level 1:colcon.colcon_core.package_identification:_identify(src/build/CMakeFiles/cpp_pubsub_uninstall.dir) by extensions ['colcon_pkg']
[1.593s] Level 1:colcon.colcon_core.package_identification:_identify(src/build/CMakeFiles/cpp_pubsub_uninstall.dir) by extension 'colcon_pkg'
[1.593s] Level 1:colcon.colcon_core.package_identification:_identify(src/build/CMakeFiles/cpp_pubsub_uninstall.dir) by extensions ['colcon_meta']
[1.593s] Level 1:colcon.colcon_core.package_identification:_identify(src/build/CMakeFiles/cpp_pubsub_uninstall.dir) by extension 'colcon_meta'
[1.593s] Level 1:colcon.colcon_core.package_identification:_identify(src/build/CMakeFiles/cpp_pubsub_uninstall.dir) by extensions ['ros']
[1.593s] Level 1:colcon.colcon_core.package_identification:_identify(src/build/CMakeFiles/cpp_pubsub_uninstall.dir) by extension 'ros'
[1.594s] Level 1:colcon.colcon_core.package_identification:_identify(src/build/CMakeFiles/cpp_pubsub_uninstall.dir) by extensions ['cmake', 'python']
[1.594s] Level 1:colcon.colcon_core.package_identification:_identify(src/build/CMakeFiles/cpp_pubsub_uninstall.dir) by extension 'cmake'
[1.594s] Level 1:colcon.colcon_core.package_identification:_identify(src/build/CMakeFiles/cpp_pubsub_uninstall.dir) by extension 'python'
[1.594s] Level 1:colcon.colcon_core.package_identification:_identify(src/build/CMakeFiles/cpp_pubsub_uninstall.dir) by extensions ['python_setup_py']
[1.594s] Level 1:colcon.colcon_core.package_identification:_identify(src/build/CMakeFiles/cpp_pubsub_uninstall.dir) by extension 'python_setup_py'
[1.594s] Level 1:colcon.colcon_core.package_identification:_identify(src/build/CMakeFiles/talker.dir) by extensions ['ignore', 'ignore_ament_install']
[1.594s] Level 1:colcon.colcon_core.package_identification:_identify(src/build/CMakeFiles/talker.dir) by extension 'ignore'
[1.594s] Level 1:colcon.colcon_core.package_identification:_identify(src/build/CMakeFiles/talker.dir) by extension 'ignore_ament_install'
[1.594s] Level 1:colcon.colcon_core.package_identification:_identify(src/build/CMakeFiles/talker.dir) by extensions ['colcon_pkg']
[1.594s] Level 1:colcon.colcon_core.package_identification:_identify(src/build/CMakeFiles/talker.dir) by extension 'colcon_pkg'
[1.594s] Level 1:colcon.colcon_core.package_identification:_identify(src/build/CMakeFiles/talker.dir) by extensions ['colcon_meta']
[1.594s] Level 1:colcon.colcon_core.package_identification:_identify(src/build/CMakeFiles/talker.dir) by extension 'colcon_meta'
[1.594s] Level 1:colcon.colcon_core.package_identification:_identify(src/build/CMakeFiles/talker.dir) by extensions ['ros']
[1.594s] Level 1:colcon.colcon_core.package_identification:_identify(src/build/CMakeFiles/talker.dir) by extension 'ros'
[1.594s] Level 1:colcon.colcon_core.package_identification:_identify(src/build/CMakeFiles/talker.dir) by extensions ['cmake', 'python']
[1.594s] Level 1:colcon.colcon_core.package_identification:_identify(src/build/CMakeFiles/talker.dir) by extension 'cmake'
[1.594s] Level 1:colcon.colcon_core.package_identification:_identify(src/build/CMakeFiles/talker.dir) by extension 'python'
[1.594s] Level 1:colcon.colcon_core.package_identification:_identify(src/build/CMakeFiles/talker.dir) by extensions ['python_setup_py']
[1.594s] Level 1:colcon.colcon_core.package_identification:_identify(src/build/CMakeFiles/talker.dir) by extension 'python_setup_py'
[1.595s] Level 1:colcon.colcon_core.package_identification:_identify(src/build/CMakeFiles/talker.dir/src) by extensions ['ignore', 'ignore_ament_install']
[1.595s] Level 1:colcon.colcon_core.package_identification:_identify(src/build/CMakeFiles/talker.dir/src) by extension 'ignore'
[1.595s] Level 1:colcon.colcon_core.package_identification:_identify(src/build/CMakeFiles/talker.dir/src) by extension 'ignore_ament_install'
[1.595s] Level 1:colcon.colcon_core.package_identification:_identify(src/build/CMakeFiles/talker.dir/src) by extensions ['colcon_pkg']
[1.595s] Level 1:colcon.colcon_core.package_identification:_identify(src/build/CMakeFiles/talker.dir/src) by extension 'colcon_pkg'
[1.595s] Level 1:colcon.colcon_core.package_identification:_identify(src/build/CMakeFiles/talker.dir/src) by extensions ['colcon_meta']
[1.595s] Level 1:colcon.colcon_core.package_identification:_identify(src/build/CMakeFiles/talker.dir/src) by extension 'colcon_meta'
[1.595s] Level 1:colcon.colcon_core.package_identification:_identify(src/build/CMakeFiles/talker.dir/src) by extensions ['ros']
[1.595s] Level 1:colcon.colcon_core.package_identification:_identify(src/build/CMakeFiles/talker.dir/src) by extension 'ros'
[1.595s] Level 1:colcon.colcon_core.package_identification:_identify(src/build/CMakeFiles/talker.dir/src) by extensions ['cmake', 'python']
[1.595s] Level 1:colcon.colcon_core.package_identification:_identify(src/build/CMakeFiles/talker.dir/src) by extension 'cmake'
[1.595s] Level 1:colcon.colcon_core.package_identification:_identify(src/build/CMakeFiles/talker.dir/src) by extension 'python'
[1.595s] Level 1:colcon.colcon_core.package_identification:_identify(src/build/CMakeFiles/talker.dir/src) by extensions ['python_setup_py']
[1.595s] Level 1:colcon.colcon_core.package_identification:_identify(src/build/CMakeFiles/talker.dir/src) by extension 'python_setup_py'
[1.595s] Level 1:colcon.colcon_core.package_identification:_identify(src/build/CMakeFiles/uninstall.dir) by extensions ['ignore', 'ignore_ament_install']
[1.595s] Level 1:colcon.colcon_core.package_identification:_identify(src/build/CMakeFiles/uninstall.dir) by extension 'ignore'
[1.595s] Level 1:colcon.colcon_core.package_identification:_identify(src/build/CMakeFiles/uninstall.dir) by extension 'ignore_ament_install'
[1.596s] Level 1:colcon.colcon_core.package_identification:_identify(src/build/CMakeFiles/uninstall.dir) by extensions ['colcon_pkg']
[1.596s] Level 1:colcon.colcon_core.package_identification:_identify(src/build/CMakeFiles/uninstall.dir) by extension 'colcon_pkg'
[1.596s] Level 1:colcon.colcon_core.package_identification:_identify(src/build/CMakeFiles/uninstall.dir) by extensions ['colcon_meta']
[1.596s] Level 1:colcon.colcon_core.package_identification:_identify(src/build/CMakeFiles/uninstall.dir) by extension 'colcon_meta'
[1.596s] Level 1:colcon.colcon_core.package_identification:_identify(src/build/CMakeFiles/uninstall.dir) by extensions ['ros']
[1.596s] Level 1:colcon.colcon_core.package_identification:_identify(src/build/CMakeFiles/uninstall.dir) by extension 'ros'
[1.596s] Level 1:colcon.colcon_core.package_identification:_identify(src/build/CMakeFiles/uninstall.dir) by extensions ['cmake', 'python']
[1.596s] Level 1:colcon.colcon_core.package_identification:_identify(src/build/CMakeFiles/uninstall.dir) by extension 'cmake'
[1.596s] Level 1:colcon.colcon_core.package_identification:_identify(src/build/CMakeFiles/uninstall.dir) by extension 'python'
[1.596s] Level 1:colcon.colcon_core.package_identification:_identify(src/build/CMakeFiles/uninstall.dir) by extensions ['python_setup_py']
[1.596s] Level 1:colcon.colcon_core.package_identification:_identify(src/build/CMakeFiles/uninstall.dir) by extension 'python_setup_py'
[1.596s] Level 1:colcon.colcon_core.package_identification:_identify(src/build/Testing) by extensions ['ignore', 'ignore_ament_install']
[1.596s] Level 1:colcon.colcon_core.package_identification:_identify(src/build/Testing) by extension 'ignore'
[1.596s] Level 1:colcon.colcon_core.package_identification:_identify(src/build/Testing) by extension 'ignore_ament_install'
[1.596s] Level 1:colcon.colcon_core.package_identification:_identify(src/build/Testing) by extensions ['colcon_pkg']
[1.596s] Level 1:colcon.colcon_core.package_identification:_identify(src/build/Testing) by extension 'colcon_pkg'
[1.596s] Level 1:colcon.colcon_core.package_identification:_identify(src/build/Testing) by extensions ['colcon_meta']
[1.596s] Level 1:colcon.colcon_core.package_identification:_identify(src/build/Testing) by extension 'colcon_meta'
[1.596s] Level 1:colcon.colcon_core.package_identification:_identify(src/build/Testing) by extensions ['ros']
[1.596s] Level 1:colcon.colcon_core.package_identification:_identify(src/build/Testing) by extension 'ros'
[1.597s] Level 1:colcon.colcon_core.package_identification:_identify(src/build/Testing) by extensions ['cmake', 'python']
[1.597s] Level 1:colcon.colcon_core.package_identification:_identify(src/build/Testing) by extension 'cmake'
[1.597s] Level 1:colcon.colcon_core.package_identification:_identify(src/build/Testing) by extension 'python'
[1.597s] Level 1:colcon.colcon_core.package_identification:_identify(src/build/Testing) by extensions ['python_setup_py']
[1.597s] Level 1:colcon.colcon_core.package_identification:_identify(src/build/Testing) by extension 'python_setup_py'
[1.597s] Level 1:colcon.colcon_core.package_identification:_identify(src/build/Testing/20240320-1506) by extensions ['ignore', 'ignore_ament_install']
[1.597s] Level 1:colcon.colcon_core.package_identification:_identify(src/build/Testing/20240320-1506) by extension 'ignore'
[1.597s] Level 1:colcon.colcon_core.package_identification:_identify(src/build/Testing/20240320-1506) by extension 'ignore_ament_install'
[1.597s] Level 1:colcon.colcon_core.package_identification:_identify(src/build/Testing/20240320-1506) by extensions ['colcon_pkg']
[1.597s] Level 1:colcon.colcon_core.package_identification:_identify(src/build/Testing/20240320-1506) by extension 'colcon_pkg'
[1.597s] Level 1:colcon.colcon_core.package_identification:_identify(src/build/Testing/20240320-1506) by extensions ['colcon_meta']
[1.597s] Level 1:colcon.colcon_core.package_identification:_identify(src/build/Testing/20240320-1506) by extension 'colcon_meta'
[1.597s] Level 1:colcon.colcon_core.package_identification:_identify(src/build/Testing/20240320-1506) by extensions ['ros']
[1.597s] Level 1:colcon.colcon_core.package_identification:_identify(src/build/Testing/20240320-1506) by extension 'ros'
[1.597s] Level 1:colcon.colcon_core.package_identification:_identify(src/build/Testing/20240320-1506) by extensions ['cmake', 'python']
[1.597s] Level 1:colcon.colcon_core.package_identification:_identify(src/build/Testing/20240320-1506) by extension 'cmake'
[1.597s] Level 1:colcon.colcon_core.package_identification:_identify(src/build/Testing/20240320-1506) by extension 'python'
[1.597s] Level 1:colcon.colcon_core.package_identification:_identify(src/build/Testing/20240320-1506) by extensions ['python_setup_py']
[1.597s] Level 1:colcon.colcon_core.package_identification:_identify(src/build/Testing/20240320-1506) by extension 'python_setup_py'
[1.598s] Level 1:colcon.colcon_core.package_identification:_identify(src/build/Testing/Temporary) by extensions ['ignore', 'ignore_ament_install']
[1.598s] Level 1:colcon.colcon_core.package_identification:_identify(src/build/Testing/Temporary) by extension 'ignore'
[1.598s] Level 1:colcon.colcon_core.package_identification:_identify(src/build/Testing/Temporary) by extension 'ignore_ament_install'
[1.598s] Level 1:colcon.colcon_core.package_identification:_identify(src/build/Testing/Temporary) by extensions ['colcon_pkg']
[1.598s] Level 1:colcon.colcon_core.package_identification:_identify(src/build/Testing/Temporary) by extension 'colcon_pkg'
[1.598s] Level 1:colcon.colcon_core.package_identification:_identify(src/build/Testing/Temporary) by extensions ['colcon_meta']
[1.598s] Level 1:colcon.colcon_core.package_identification:_identify(src/build/Testing/Temporary) by extension 'colcon_meta'
[1.598s] Level 1:colcon.colcon_core.package_identification:_identify(src/build/Testing/Temporary) by extensions ['ros']
[1.598s] Level 1:colcon.colcon_core.package_identification:_identify(src/build/Testing/Temporary) by extension 'ros'
[1.598s] Level 1:colcon.colcon_core.package_identification:_identify(src/build/Testing/Temporary) by extensions ['cmake', 'python']
[1.598s] Level 1:colcon.colcon_core.package_identification:_identify(src/build/Testing/Temporary) by extension 'cmake'
[1.598s] Level 1:colcon.colcon_core.package_identification:_identify(src/build/Testing/Temporary) by extension 'python'
[1.598s] Level 1:colcon.colcon_core.package_identification:_identify(src/build/Testing/Temporary) by extensions ['python_setup_py']
[1.598s] Level 1:colcon.colcon_core.package_identification:_identify(src/build/Testing/Temporary) by extension 'python_setup_py'
[1.598s] Level 1:colcon.colcon_core.package_identification:_identify(src/build/ament_cmake_core) by extensions ['ignore', 'ignore_ament_install']
[1.598s] Level 1:colcon.colcon_core.package_identification:_identify(src/build/ament_cmake_core) by extension 'ignore'
[1.598s] Level 1:colcon.colcon_core.package_identification:_identify(src/build/ament_cmake_core) by extension 'ignore_ament_install'
[1.598s] Level 1:colcon.colcon_core.package_identification:_identify(src/build/ament_cmake_core) by extensions ['colcon_pkg']
[1.598s] Level 1:colcon.colcon_core.package_identification:_identify(src/build/ament_cmake_core) by extension 'colcon_pkg'
[1.599s] Level 1:colcon.colcon_core.package_identification:_identify(src/build/ament_cmake_core) by extensions ['colcon_meta']
[1.599s] Level 1:colcon.colcon_core.package_identification:_identify(src/build/ament_cmake_core) by extension 'colcon_meta'
[1.599s] Level 1:colcon.colcon_core.package_identification:_identify(src/build/ament_cmake_core) by extensions ['ros']
[1.599s] Level 1:colcon.colcon_core.package_identification:_identify(src/build/ament_cmake_core) by extension 'ros'
[1.599s] Level 1:colcon.colcon_core.package_identification:_identify(src/build/ament_cmake_core) by extensions ['cmake', 'python']
[1.599s] Level 1:colcon.colcon_core.package_identification:_identify(src/build/ament_cmake_core) by extension 'cmake'
[1.599s] Level 1:colcon.colcon_core.package_identification:_identify(src/build/ament_cmake_core) by extension 'python'
[1.599s] Level 1:colcon.colcon_core.package_identification:_identify(src/build/ament_cmake_core) by extensions ['python_setup_py']
[1.599s] Level 1:colcon.colcon_core.package_identification:_identify(src/build/ament_cmake_core) by extension 'python_setup_py'
[1.599s] Level 1:colcon.colcon_core.package_identification:_identify(src/build/ament_cmake_core/stamps) by extensions ['ignore', 'ignore_ament_install']
[1.599s] Level 1:colcon.colcon_core.package_identification:_identify(src/build/ament_cmake_core/stamps) by extension 'ignore'
[1.599s] Level 1:colcon.colcon_core.package_identification:_identify(src/build/ament_cmake_core/stamps) by extension 'ignore_ament_install'
[1.599s] Level 1:colcon.colcon_core.package_identification:_identify(src/build/ament_cmake_core/stamps) by extensions ['colcon_pkg']
[1.599s] Level 1:colcon.colcon_core.package_identification:_identify(src/build/ament_cmake_core/stamps) by extension 'colcon_pkg'
[1.599s] Level 1:colcon.colcon_core.package_identification:_identify(src/build/ament_cmake_core/stamps) by extensions ['colcon_meta']
[1.599s] Level 1:colcon.colcon_core.package_identification:_identify(src/build/ament_cmake_core/stamps) by extension 'colcon_meta'
[1.599s] Level 1:colcon.colcon_core.package_identification:_identify(src/build/ament_cmake_core/stamps) by extensions ['ros']
[1.599s] Level 1:colcon.colcon_core.package_identification:_identify(src/build/ament_cmake_core/stamps) by extension 'ros'
[1.600s] Level 1:colcon.colcon_core.package_identification:_identify(src/build/ament_cmake_core/stamps) by extensions ['cmake', 'python']
[1.600s] Level 1:colcon.colcon_core.package_identification:_identify(src/build/ament_cmake_core/stamps) by extension 'cmake'
[1.600s] Level 1:colcon.colcon_core.package_identification:_identify(src/build/ament_cmake_core/stamps) by extension 'python'
[1.600s] Level 1:colcon.colcon_core.package_identification:_identify(src/build/ament_cmake_core/stamps) by extensions ['python_setup_py']
[1.600s] Level 1:colcon.colcon_core.package_identification:_identify(src/build/ament_cmake_core/stamps) by extension 'python_setup_py'
[1.600s] Level 1:colcon.colcon_core.package_identification:_identify(src/build/ament_cmake_environment_hooks) by extensions ['ignore', 'ignore_ament_install']
[1.600s] Level 1:colcon.colcon_core.package_identification:_identify(src/build/ament_cmake_environment_hooks) by extension 'ignore'
[1.600s] Level 1:colcon.colcon_core.package_identification:_identify(src/build/ament_cmake_environment_hooks) by extension 'ignore_ament_install'
[1.600s] Level 1:colcon.colcon_core.package_identification:_identify(src/build/ament_cmake_environment_hooks) by extensions ['colcon_pkg']
[1.600s] Level 1:colcon.colcon_core.package_identification:_identify(src/build/ament_cmake_environment_hooks) by extension 'colcon_pkg'
[1.600s] Level 1:colcon.colcon_core.package_identification:_identify(src/build/ament_cmake_environment_hooks) by extensions ['colcon_meta']
[1.600s] Level 1:colcon.colcon_core.package_identification:_identify(src/build/ament_cmake_environment_hooks) by extension 'colcon_meta'
[1.600s] Level 1:colcon.colcon_core.package_identification:_identify(src/build/ament_cmake_environment_hooks) by extensions ['ros']
[1.600s] Level 1:colcon.colcon_core.package_identification:_identify(src/build/ament_cmake_environment_hooks) by extension 'ros'
[1.600s] Level 1:colcon.colcon_core.package_identification:_identify(src/build/ament_cmake_environment_hooks) by extensions ['cmake', 'python']
[1.600s] Level 1:colcon.colcon_core.package_identification:_identify(src/build/ament_cmake_environment_hooks) by extension 'cmake'
[1.600s] Level 1:colcon.colcon_core.package_identification:_identify(src/build/ament_cmake_environment_hooks) by extension 'python'
[1.600s] Level 1:colcon.colcon_core.package_identification:_identify(src/build/ament_cmake_environment_hooks) by extensions ['python_setup_py']
[1.600s] Level 1:colcon.colcon_core.package_identification:_identify(src/build/ament_cmake_environment_hooks) by extension 'python_setup_py'
[1.600s] Level 1:colcon.colcon_core.package_identification:_identify(src/build/ament_cmake_index) by extensions ['ignore', 'ignore_ament_install']
[1.601s] Level 1:colcon.colcon_core.package_identification:_identify(src/build/ament_cmake_index) by extension 'ignore'
[1.601s] Level 1:colcon.colcon_core.package_identification:_identify(src/build/ament_cmake_index) by extension 'ignore_ament_install'
[1.601s] Level 1:colcon.colcon_core.package_identification:_identify(src/build/ament_cmake_index) by extensions ['colcon_pkg']
[1.601s] Level 1:colcon.colcon_core.package_identification:_identify(src/build/ament_cmake_index) by extension 'colcon_pkg'
[1.601s] Level 1:colcon.colcon_core.package_identification:_identify(src/build/ament_cmake_index) by extensions ['colcon_meta']
[1.601s] Level 1:colcon.colcon_core.package_identification:_identify(src/build/ament_cmake_index) by extension 'colcon_meta'
[1.601s] Level 1:colcon.colcon_core.package_identification:_identify(src/build/ament_cmake_index) by extensions ['ros']
[1.601s] Level 1:colcon.colcon_core.package_identification:_identify(src/build/ament_cmake_index) by extension 'ros'
[1.601s] Level 1:colcon.colcon_core.package_identification:_identify(src/build/ament_cmake_index) by extensions ['cmake', 'python']
[1.601s] Level 1:colcon.colcon_core.package_identification:_identify(src/build/ament_cmake_index) by extension 'cmake'
[1.601s] Level 1:colcon.colcon_core.package_identification:_identify(src/build/ament_cmake_index) by extension 'python'
[1.601s] Level 1:colcon.colcon_core.package_identification:_identify(src/build/ament_cmake_index) by extensions ['python_setup_py']
[1.601s] Level 1:colcon.colcon_core.package_identification:_identify(src/build/ament_cmake_index) by extension 'python_setup_py'
[1.601s] Level 1:colcon.colcon_core.package_identification:_identify(src/build/ament_cmake_index/share) by extensions ['ignore', 'ignore_ament_install']
[1.601s] Level 1:colcon.colcon_core.package_identification:_identify(src/build/ament_cmake_index/share) by extension 'ignore'
[1.601s] Level 1:colcon.colcon_core.package_identification:_identify(src/build/ament_cmake_index/share) by extension 'ignore_ament_install'
[1.601s] Level 1:colcon.colcon_core.package_identification:_identify(src/build/ament_cmake_index/share) by extensions ['colcon_pkg']
[1.601s] Level 1:colcon.colcon_core.package_identification:_identify(src/build/ament_cmake_index/share) by extension 'colcon_pkg'
[1.601s] Level 1:colcon.colcon_core.package_identification:_identify(src/build/ament_cmake_index/share) by extensions ['colcon_meta']
[1.601s] Level 1:colcon.colcon_core.package_identification:_identify(src/build/ament_cmake_index/share) by extension 'colcon_meta'
[1.602s] Level 1:colcon.colcon_core.package_identification:_identify(src/build/ament_cmake_index/share) by extensions ['ros']
[1.602s] Level 1:colcon.colcon_core.package_identification:_identify(src/build/ament_cmake_index/share) by extension 'ros'
[1.602s] Level 1:colcon.colcon_core.package_identification:_identify(src/build/ament_cmake_index/share) by extensions ['cmake', 'python']
[1.602s] Level 1:colcon.colcon_core.package_identification:_identify(src/build/ament_cmake_index/share) by extension 'cmake'
[1.602s] Level 1:colcon.colcon_core.package_identification:_identify(src/build/ament_cmake_index/share) by extension 'python'
[1.602s] Level 1:colcon.colcon_core.package_identification:_identify(src/build/ament_cmake_index/share) by extensions ['python_setup_py']
[1.602s] Level 1:colcon.colcon_core.package_identification:_identify(src/build/ament_cmake_index/share) by extension 'python_setup_py'
[1.602s] Level 1:colcon.colcon_core.package_identification:_identify(src/build/ament_cmake_index/share/ament_index) by extensions ['ignore', 'ignore_ament_install']
[1.602s] Level 1:colcon.colcon_core.package_identification:_identify(src/build/ament_cmake_index/share/ament_index) by extension 'ignore'
[1.602s] Level 1:colcon.colcon_core.package_identification:_identify(src/build/ament_cmake_index/share/ament_index) by extension 'ignore_ament_install'
[1.602s] Level 1:colcon.colcon_core.package_identification:_identify(src/build/ament_cmake_index/share/ament_index) by extensions ['colcon_pkg']
[1.602s] Level 1:colcon.colcon_core.package_identification:_identify(src/build/ament_cmake_index/share/ament_index) by extension 'colcon_pkg'
[1.602s] Level 1:colcon.colcon_core.package_identification:_identify(src/build/ament_cmake_index/share/ament_index) by extensions ['colcon_meta']
[1.602s] Level 1:colcon.colcon_core.package_identification:_identify(src/build/ament_cmake_index/share/ament_index) by extension 'colcon_meta'
[1.602s] Level 1:colcon.colcon_core.package_identification:_identify(src/build/ament_cmake_index/share/ament_index) by extensions ['ros']
[1.602s] Level 1:colcon.colcon_core.package_identification:_identify(src/build/ament_cmake_index/share/ament_index) by extension 'ros'
[1.602s] Level 1:colcon.colcon_core.package_identification:_identify(src/build/ament_cmake_index/share/ament_index) by extensions ['cmake', 'python']
[1.602s] Level 1:colcon.colcon_core.package_identification:_identify(src/build/ament_cmake_index/share/ament_index) by extension 'cmake'
[1.602s] Level 1:colcon.colcon_core.package_identification:_identify(src/build/ament_cmake_index/share/ament_index) by extension 'python'
[1.603s] Level 1:colcon.colcon_core.package_identification:_identify(src/build/ament_cmake_index/share/ament_index) by extensions ['python_setup_py']
[1.603s] Level 1:colcon.colcon_core.package_identification:_identify(src/build/ament_cmake_index/share/ament_index) by extension 'python_setup_py'
[1.603s] Level 1:colcon.colcon_core.package_identification:_identify(src/build/ament_cmake_index/share/ament_index/resource_index) by extensions ['ignore', 'ignore_ament_install']
[1.603s] Level 1:colcon.colcon_core.package_identification:_identify(src/build/ament_cmake_index/share/ament_index/resource_index) by extension 'ignore'
[1.603s] Level 1:colcon.colcon_core.package_identification:_identify(src/build/ament_cmake_index/share/ament_index/resource_index) by extension 'ignore_ament_install'
[1.603s] Level 1:colcon.colcon_core.package_identification:_identify(src/build/ament_cmake_index/share/ament_index/resource_index) by extensions ['colcon_pkg']
[1.603s] Level 1:colcon.colcon_core.package_identification:_identify(src/build/ament_cmake_index/share/ament_index/resource_index) by extension 'colcon_pkg'
[1.603s] Level 1:colcon.colcon_core.package_identification:_identify(src/build/ament_cmake_index/share/ament_index/resource_index) by extensions ['colcon_meta']
[1.603s] Level 1:colcon.colcon_core.package_identification:_identify(src/build/ament_cmake_index/share/ament_index/resource_index) by extension 'colcon_meta'
[1.603s] Level 1:colcon.colcon_core.package_identification:_identify(src/build/ament_cmake_index/share/ament_index/resource_index) by extensions ['ros']
[1.603s] Level 1:colcon.colcon_core.package_identification:_identify(src/build/ament_cmake_index/share/ament_index/resource_index) by extension 'ros'
[1.603s] Level 1:colcon.colcon_core.package_identification:_identify(src/build/ament_cmake_index/share/ament_index/resource_index) by extensions ['cmake', 'python']
[1.603s] Level 1:colcon.colcon_core.package_identification:_identify(src/build/ament_cmake_index/share/ament_index/resource_index) by extension 'cmake'
[1.603s] Level 1:colcon.colcon_core.package_identification:_identify(src/build/ament_cmake_index/share/ament_index/resource_index) by extension 'python'
[1.603s] Level 1:colcon.colcon_core.package_identification:_identify(src/build/ament_cmake_index/share/ament_index/resource_index) by extensions ['python_setup_py']
[1.603s] Level 1:colcon.colcon_core.package_identification:_identify(src/build/ament_cmake_index/share/ament_index/resource_index) by extension 'python_setup_py'
[1.604s] Level 1:colcon.colcon_core.package_identification:_identify(src/build/ament_cmake_index/share/ament_index/resource_index/package_run_dependencies) by extensions ['ignore', 'ignore_ament_install']
[1.604s] Level 1:colcon.colcon_core.package_identification:_identify(src/build/ament_cmake_index/share/ament_index/resource_index/package_run_dependencies) by extension 'ignore'
[1.604s] Level 1:colcon.colcon_core.package_identification:_identify(src/build/ament_cmake_index/share/ament_index/resource_index/package_run_dependencies) by extension 'ignore_ament_install'
[1.604s] Level 1:colcon.colcon_core.package_identification:_identify(src/build/ament_cmake_index/share/ament_index/resource_index/package_run_dependencies) by extensions ['colcon_pkg']
[1.604s] Level 1:colcon.colcon_core.package_identification:_identify(src/build/ament_cmake_index/share/ament_index/resource_index/package_run_dependencies) by extension 'colcon_pkg'
[1.604s] Level 1:colcon.colcon_core.package_identification:_identify(src/build/ament_cmake_index/share/ament_index/resource_index/package_run_dependencies) by extensions ['colcon_meta']
[1.604s] Level 1:colcon.colcon_core.package_identification:_identify(src/build/ament_cmake_index/share/ament_index/resource_index/package_run_dependencies) by extension 'colcon_meta'
[1.604s] Level 1:colcon.colcon_core.package_identification:_identify(src/build/ament_cmake_index/share/ament_index/resource_index/package_run_dependencies) by extensions ['ros']
[1.604s] Level 1:colcon.colcon_core.package_identification:_identify(src/build/ament_cmake_index/share/ament_index/resource_index/package_run_dependencies) by extension 'ros'
[1.604s] Level 1:colcon.colcon_core.package_identification:_identify(src/build/ament_cmake_index/share/ament_index/resource_index/package_run_dependencies) by extensions ['cmake', 'python']
[1.604s] Level 1:colcon.colcon_core.package_identification:_identify(src/build/ament_cmake_index/share/ament_index/resource_index/package_run_dependencies) by extension 'cmake'
[1.604s] Level 1:colcon.colcon_core.package_identification:_identify(src/build/ament_cmake_index/share/ament_index/resource_index/package_run_dependencies) by extension 'python'
[1.604s] Level 1:colcon.colcon_core.package_identification:_identify(src/build/ament_cmake_index/share/ament_index/resource_index/package_run_dependencies) by extensions ['python_setup_py']
[1.604s] Level 1:colcon.colcon_core.package_identification:_identify(src/build/ament_cmake_index/share/ament_index/resource_index/package_run_dependencies) by extension 'python_setup_py'
[1.604s] Level 1:colcon.colcon_core.package_identification:_identify(src/build/ament_cmake_index/share/ament_index/resource_index/packages) by extensions ['ignore', 'ignore_ament_install']
[1.604s] Level 1:colcon.colcon_core.package_identification:_identify(src/build/ament_cmake_index/share/ament_index/resource_index/packages) by extension 'ignore'
[1.604s] Level 1:colcon.colcon_core.package_identification:_identify(src/build/ament_cmake_index/share/ament_index/resource_index/packages) by extension 'ignore_ament_install'
[1.604s] Level 1:colcon.colcon_core.package_identification:_identify(src/build/ament_cmake_index/share/ament_index/resource_index/packages) by extensions ['colcon_pkg']
[1.605s] Level 1:colcon.colcon_core.package_identification:_identify(src/build/ament_cmake_index/share/ament_index/resource_index/packages) by extension 'colcon_pkg'
[1.605s] Level 1:colcon.colcon_core.package_identification:_identify(src/build/ament_cmake_index/share/ament_index/resource_index/packages) by extensions ['colcon_meta']
[1.605s] Level 1:colcon.colcon_core.package_identification:_identify(src/build/ament_cmake_index/share/ament_index/resource_index/packages) by extension 'colcon_meta'
[1.605s] Level 1:colcon.colcon_core.package_identification:_identify(src/build/ament_cmake_index/share/ament_index/resource_index/packages) by extensions ['ros']
[1.605s] Level 1:colcon.colcon_core.package_identification:_identify(src/build/ament_cmake_index/share/ament_index/resource_index/packages) by extension 'ros'
[1.605s] Level 1:colcon.colcon_core.package_identification:_identify(src/build/ament_cmake_index/share/ament_index/resource_index/packages) by extensions ['cmake', 'python']
[1.605s] Level 1:colcon.colcon_core.package_identification:_identify(src/build/ament_cmake_index/share/ament_index/resource_index/packages) by extension 'cmake'
[1.605s] Level 1:colcon.colcon_core.package_identification:_identify(src/build/ament_cmake_index/share/ament_index/resource_index/packages) by extension 'python'
[1.605s] Level 1:colcon.colcon_core.package_identification:_identify(src/build/ament_cmake_index/share/ament_index/resource_index/packages) by extensions ['python_setup_py']
[1.605s] Level 1:colcon.colcon_core.package_identification:_identify(src/build/ament_cmake_index/share/ament_index/resource_index/packages) by extension 'python_setup_py'
[1.605s] Level 1:colcon.colcon_core.package_identification:_identify(src/build/ament_cmake_index/share/ament_index/resource_index/parent_prefix_path) by extensions ['ignore', 'ignore_ament_install']
[1.605s] Level 1:colcon.colcon_core.package_identification:_identify(src/build/ament_cmake_index/share/ament_index/resource_index/parent_prefix_path) by extension 'ignore'
[1.605s] Level 1:colcon.colcon_core.package_identification:_identify(src/build/ament_cmake_index/share/ament_index/resource_index/parent_prefix_path) by extension 'ignore_ament_install'
[1.605s] Level 1:colcon.colcon_core.package_identification:_identify(src/build/ament_cmake_index/share/ament_index/resource_index/parent_prefix_path) by extensions ['colcon_pkg']
[1.605s] Level 1:colcon.colcon_core.package_identification:_identify(src/build/ament_cmake_index/share/ament_index/resource_index/parent_prefix_path) by extension 'colcon_pkg'
[1.605s] Level 1:colcon.colcon_core.package_identification:_identify(src/build/ament_cmake_index/share/ament_index/resource_index/parent_prefix_path) by extensions ['colcon_meta']
[1.605s] Level 1:colcon.colcon_core.package_identification:_identify(src/build/ament_cmake_index/share/ament_index/resource_index/parent_prefix_path) by extension 'colcon_meta'
[1.605s] Level 1:colcon.colcon_core.package_identification:_identify(src/build/ament_cmake_index/share/ament_index/resource_index/parent_prefix_path) by extensions ['ros']
[1.605s] Level 1:colcon.colcon_core.package_identification:_identify(src/build/ament_cmake_index/share/ament_index/resource_index/parent_prefix_path) by extension 'ros'
[1.606s] Level 1:colcon.colcon_core.package_identification:_identify(src/build/ament_cmake_index/share/ament_index/resource_index/parent_prefix_path) by extensions ['cmake', 'python']
[1.606s] Level 1:colcon.colcon_core.package_identification:_identify(src/build/ament_cmake_index/share/ament_index/resource_index/parent_prefix_path) by extension 'cmake'
[1.606s] Level 1:colcon.colcon_core.package_identification:_identify(src/build/ament_cmake_index/share/ament_index/resource_index/parent_prefix_path) by extension 'python'
[1.606s] Level 1:colcon.colcon_core.package_identification:_identify(src/build/ament_cmake_index/share/ament_index/resource_index/parent_prefix_path) by extensions ['python_setup_py']
[1.606s] Level 1:colcon.colcon_core.package_identification:_identify(src/build/ament_cmake_index/share/ament_index/resource_index/parent_prefix_path) by extension 'python_setup_py'
[1.606s] Level 1:colcon.colcon_core.package_identification:_identify(src/build/ament_cmake_package_templates) by extensions ['ignore', 'ignore_ament_install']
[1.606s] Level 1:colcon.colcon_core.package_identification:_identify(src/build/ament_cmake_package_templates) by extension 'ignore'
[1.606s] Level 1:colcon.colcon_core.package_identification:_identify(src/build/ament_cmake_package_templates) by extension 'ignore_ament_install'
[1.606s] Level 1:colcon.colcon_core.package_identification:_identify(src/build/ament_cmake_package_templates) by extensions ['colcon_pkg']
[1.606s] Level 1:colcon.colcon_core.package_identification:_identify(src/build/ament_cmake_package_templates) by extension 'colcon_pkg'
[1.606s] Level 1:colcon.colcon_core.package_identification:_identify(src/build/ament_cmake_package_templates) by extensions ['colcon_meta']
[1.606s] Level 1:colcon.colcon_core.package_identification:_identify(src/build/ament_cmake_package_templates) by extension 'colcon_meta'
[1.606s] Level 1:colcon.colcon_core.package_identification:_identify(src/build/ament_cmake_package_templates) by extensions ['ros']
[1.606s] Level 1:colcon.colcon_core.package_identification:_identify(src/build/ament_cmake_package_templates) by extension 'ros'
[1.606s] Level 1:colcon.colcon_core.package_identification:_identify(src/build/ament_cmake_package_templates) by extensions ['cmake', 'python']
[1.606s] Level 1:colcon.colcon_core.package_identification:_identify(src/build/ament_cmake_package_templates) by extension 'cmake'
[1.606s] Level 1:colcon.colcon_core.package_identification:_identify(src/build/ament_cmake_package_templates) by extension 'python'
[1.606s] Level 1:colcon.colcon_core.package_identification:_identify(src/build/ament_cmake_package_templates) by extensions ['python_setup_py']
[1.606s] Level 1:colcon.colcon_core.package_identification:_identify(src/build/ament_cmake_package_templates) by extension 'python_setup_py'
[1.607s] Level 1:colcon.colcon_core.package_identification:_identify(src/build/ament_cmake_uninstall_target) by extensions ['ignore', 'ignore_ament_install']
[1.607s] Level 1:colcon.colcon_core.package_identification:_identify(src/build/ament_cmake_uninstall_target) by extension 'ignore'
[1.607s] Level 1:colcon.colcon_core.package_identification:_identify(src/build/ament_cmake_uninstall_target) by extension 'ignore_ament_install'
[1.607s] Level 1:colcon.colcon_core.package_identification:_identify(src/build/ament_cmake_uninstall_target) by extensions ['colcon_pkg']
[1.607s] Level 1:colcon.colcon_core.package_identification:_identify(src/build/ament_cmake_uninstall_target) by extension 'colcon_pkg'
[1.607s] Level 1:colcon.colcon_core.package_identification:_identify(src/build/ament_cmake_uninstall_target) by extensions ['colcon_meta']
[1.607s] Level 1:colcon.colcon_core.package_identification:_identify(src/build/ament_cmake_uninstall_target) by extension 'colcon_meta'
[1.607s] Level 1:colcon.colcon_core.package_identification:_identify(src/build/ament_cmake_uninstall_target) by extensions ['ros']
[1.607s] Level 1:colcon.colcon_core.package_identification:_identify(src/build/ament_cmake_uninstall_target) by extension 'ros'
[1.607s] Level 1:colcon.colcon_core.package_identification:_identify(src/build/ament_cmake_uninstall_target) by extensions ['cmake', 'python']
[1.607s] Level 1:colcon.colcon_core.package_identification:_identify(src/build/ament_cmake_uninstall_target) by extension 'cmake'
[1.607s] Level 1:colcon.colcon_core.package_identification:_identify(src/build/ament_cmake_uninstall_target) by extension 'python'
[1.607s] Level 1:colcon.colcon_core.package_identification:_identify(src/build/ament_cmake_uninstall_target) by extensions ['python_setup_py']
[1.607s] Level 1:colcon.colcon_core.package_identification:_identify(src/build/ament_cmake_uninstall_target) by extension 'python_setup_py'
[1.607s] Level 1:colcon.colcon_core.package_identification:_identify(src/cpp_pub) by extensions ['ignore', 'ignore_ament_install']
[1.607s] Level 1:colcon.colcon_core.package_identification:_identify(src/cpp_pub) by extension 'ignore'
[1.607s] Level 1:colcon.colcon_core.package_identification:_identify(src/cpp_pub) by extension 'ignore_ament_install'
[1.607s] Level 1:colcon.colcon_core.package_identification:_identify(src/cpp_pub) by extensions ['colcon_pkg']
[1.607s] Level 1:colcon.colcon_core.package_identification:_identify(src/cpp_pub) by extension 'colcon_pkg'
[1.608s] Level 1:colcon.colcon_core.package_identification:_identify(src/cpp_pub) by extensions ['colcon_meta']
[1.608s] Level 1:colcon.colcon_core.package_identification:_identify(src/cpp_pub) by extension 'colcon_meta'
[1.608s] Level 1:colcon.colcon_core.package_identification:_identify(src/cpp_pub) by extensions ['ros']
[1.608s] Level 1:colcon.colcon_core.package_identification:_identify(src/cpp_pub) by extension 'ros'
[1.610s] DEBUG:colcon.colcon_core.package_identification:Package 'src/cpp_pub' with type 'ros.ament_cmake' and name 'cpp_pub'
[1.610s] Level 1:colcon.colcon_core.package_identification:_identify(src/py_sub) by extensions ['ignore', 'ignore_ament_install']
[1.610s] Level 1:colcon.colcon_core.package_identification:_identify(src/py_sub) by extension 'ignore'
[1.610s] Level 1:colcon.colcon_core.package_identification:_identify(src/py_sub) by extension 'ignore_ament_install'
[1.610s] Level 1:colcon.colcon_core.package_identification:_identify(src/py_sub) by extensions ['colcon_pkg']
[1.610s] Level 1:colcon.colcon_core.package_identification:_identify(src/py_sub) by extension 'colcon_pkg'
[1.610s] Level 1:colcon.colcon_core.package_identification:_identify(src/py_sub) by extensions ['colcon_meta']
[1.610s] Level 1:colcon.colcon_core.package_identification:_identify(src/py_sub) by extension 'colcon_meta'
[1.611s] Level 1:colcon.colcon_core.package_identification:_identify(src/py_sub) by extensions ['ros']
[1.611s] Level 1:colcon.colcon_core.package_identification:_identify(src/py_sub) by extension 'ros'
[1.611s] DEBUG:colcon.colcon_core.package_identification:Package 'src/py_sub' with type 'ros.ament_python' and name 'py_sub'
[1.611s] Level 1:colcon.colcon_core.package_discovery:discover_packages(recursive) using defaults
[1.611s] Level 1:colcon.colcon_core.package_discovery:discover_packages(ignore) discover
[1.611s] Level 1:colcon.colcon_core.package_discovery:discover_packages(ignore) using defaults
[1.611s] Level 1:colcon.colcon_core.package_discovery:discover_packages(path) discover
[1.611s] Level 1:colcon.colcon_core.package_discovery:discover_packages(path) using defaults
[1.711s] Level 1:colcon.colcon_core.package_discovery:discover_packages(prefix_path) check parameters
[1.711s] Level 1:colcon.colcon_core.package_discovery:discover_packages(prefix_path) discover
[1.744s] DEBUG:colcon.colcon_installed_package_information.package_discovery:Found 3 installed packages in /home/stefan-linux/repos/SpaceConcordiaDemo/ros2_ws/install
[1.761s] DEBUG:colcon.colcon_installed_package_information.package_discovery:Found 288 installed packages in /opt/ros/humble
[1.770s] Level 1:colcon.colcon_core.package_discovery:discover_packages(prefix_path) using defaults
[1.872s] Level 5:colcon.colcon_core.verb:set package 'cpp_pub' build argument 'cmake_args' from command line to 'None'
[1.872s] Level 5:colcon.colcon_core.verb:set package 'cpp_pub' build argument 'cmake_target' from command line to 'None'
[1.872s] Level 5:colcon.colcon_core.verb:set package 'cpp_pub' build argument 'cmake_target_skip_unavailable' from command line to 'False'
[1.872s] Level 5:colcon.colcon_core.verb:set package 'cpp_pub' build argument 'cmake_clean_cache' from command line to 'False'
[1.872s] Level 5:colcon.colcon_core.verb:set package 'cpp_pub' build argument 'cmake_clean_first' from command line to 'False'
[1.872s] Level 5:colcon.colcon_core.verb:set package 'cpp_pub' build argument 'cmake_force_configure' from command line to 'False'
[1.872s] Level 5:colcon.colcon_core.verb:set package 'cpp_pub' build argument 'ament_cmake_args' from command line to 'None'
[1.872s] Level 5:colcon.colcon_core.verb:set package 'cpp_pub' build argument 'catkin_cmake_args' from command line to 'None'
[1.872s] Level 5:colcon.colcon_core.verb:set package 'cpp_pub' build argument 'catkin_skip_building_tests' from command line to 'False'
[1.872s] DEBUG:colcon.colcon_core.verb:Building package 'cpp_pub' with the following arguments: {'ament_cmake_args': None, 'build_base': '/home/stefan-linux/repos/SpaceConcordiaDemo/ros2_ws/build/cpp_pub', 'catkin_cmake_args': None, 'catkin_skip_building_tests': False, 'cmake_args': None, 'cmake_clean_cache': False, 'cmake_clean_first': False, 'cmake_force_configure': False, 'cmake_target': None, 'cmake_target_skip_unavailable': False, 'install_base': '/home/stefan-linux/repos/SpaceConcordiaDemo/ros2_ws/install/cpp_pub', 'merge_install': False, 'path': '/home/stefan-linux/repos/SpaceConcordiaDemo/ros2_ws/src/cpp_pub', 'symlink_install': False, 'test_result_base': None}
[1.889s] Level 5:colcon.colcon_core.verb:set package 'py_sub' build argument 'cmake_args' from command line to 'None'
[1.889s] Level 5:colcon.colcon_core.verb:set package 'py_sub' build argument 'cmake_target' from command line to 'None'
[1.889s] Level 5:colcon.colcon_core.verb:set package 'py_sub' build argument 'cmake_target_skip_unavailable' from command line to 'False'
[1.889s] Level 5:colcon.colcon_core.verb:set package 'py_sub' build argument 'cmake_clean_cache' from command line to 'False'
[1.889s] Level 5:colcon.colcon_core.verb:set package 'py_sub' build argument 'cmake_clean_first' from command line to 'False'
[1.889s] Level 5:colcon.colcon_core.verb:set package 'py_sub' build argument 'cmake_force_configure' from command line to 'False'
[1.889s] Level 5:colcon.colcon_core.verb:set package 'py_sub' build argument 'ament_cmake_args' from command line to 'None'
[1.889s] Level 5:colcon.colcon_core.verb:set package 'py_sub' build argument 'catkin_cmake_args' from command line to 'None'
[1.889s] Level 5:colcon.colcon_core.verb:set package 'py_sub' build argument 'catkin_skip_building_tests' from command line to 'False'
[1.889s] DEBUG:colcon.colcon_core.verb:Building package 'py_sub' with the following arguments: {'ament_cmake_args': None, 'build_base': '/home/stefan-linux/repos/SpaceConcordiaDemo/ros2_ws/build/py_sub', 'catkin_cmake_args': None, 'catkin_skip_building_tests': False, 'cmake_args': None, 'cmake_clean_cache': False, 'cmake_clean_first': False, 'cmake_force_configure': False, 'cmake_target': None, 'cmake_target_skip_unavailable': False, 'install_base': '/home/stefan-linux/repos/SpaceConcordiaDemo/ros2_ws/install/py_sub', 'merge_install': False, 'path': '/home/stefan-linux/repos/SpaceConcordiaDemo/ros2_ws/src/py_sub', 'symlink_install': False, 'test_result_base': None}
[1.907s] INFO:colcon.colcon_core.executor:Executing jobs using 'parallel' executor
[1.925s] DEBUG:colcon.colcon_parallel_executor.executor.parallel:run_until_complete
[1.926s] INFO:colcon.colcon_ros.task.ament_cmake.build:Building ROS package in '/home/stefan-linux/repos/SpaceConcordiaDemo/ros2_ws/src/cpp_pub' with build type 'ament_cmake'
[1.926s] INFO:colcon.colcon_cmake.task.cmake.build:Building CMake package in '/home/stefan-linux/repos/SpaceConcordiaDemo/ros2_ws/src/cpp_pub'
[1.945s] INFO:colcon.colcon_core.plugin_system:Skipping extension 'colcon_core.shell.bat': Not used on non-Windows systems
[1.946s] INFO:colcon.colcon_core.shell:Skip shell extension 'powershell' for command environment: Not usable outside of PowerShell
[1.946s] DEBUG:colcon.colcon_core.shell:Skip shell extension 'dsv' for command environment
[1.999s] INFO:colcon.colcon_ros.task.ament_python.build:Building ROS package in '/home/stefan-linux/repos/SpaceConcordiaDemo/ros2_ws/src/py_sub' with build type 'ament_python'
[1.999s] Level 1:colcon.colcon_core.shell:create_environment_hook('py_sub', 'ament_prefix_path')
[2.019s] INFO:colcon.colcon_core.shell:Creating environment hook '/home/stefan-linux/repos/SpaceConcordiaDemo/ros2_ws/install/py_sub/share/py_sub/hook/ament_prefix_path.ps1'
[2.020s] INFO:colcon.colcon_core.shell:Creating environment descriptor '/home/stefan-linux/repos/SpaceConcordiaDemo/ros2_ws/install/py_sub/share/py_sub/hook/ament_prefix_path.dsv'
[2.020s] INFO:colcon.colcon_core.shell:Creating environment hook '/home/stefan-linux/repos/SpaceConcordiaDemo/ros2_ws/install/py_sub/share/py_sub/hook/ament_prefix_path.sh'
[2.038s] INFO:colcon.colcon_core.shell:Skip shell extension 'powershell' for command environment: Not usable outside of PowerShell
[2.039s] DEBUG:colcon.colcon_core.shell:Skip shell extension 'dsv' for command environment
[2.103s] DEBUG:colcon.colcon_core.event_handler.log_command:Invoking command in '/home/stefan-linux/repos/SpaceConcordiaDemo/ros2_ws/build/cpp_pub': CMAKE_PREFIX_PATH=${CMAKE_PREFIX_PATH}:/home/stefan-linux/repos/SpaceConcordiaDemo/ros2_ws/install/py_sub:/opt/ros/humble /usr/bin/cmake --build /home/stefan-linux/repos/SpaceConcordiaDemo/ros2_ws/build/cpp_pub -- -j8 -l8
[2.595s] INFO:colcon.colcon_core.task.python.build:Building Python package in '/home/stefan-linux/repos/SpaceConcordiaDemo/ros2_ws/src/py_sub'
[2.622s] INFO:colcon.colcon_core.shell:Skip shell extension 'powershell' for command environment: Not usable outside of PowerShell
[2.622s] DEBUG:colcon.colcon_core.shell:Skip shell extension 'dsv' for command environment
[3.106s] DEBUG:colcon.colcon_core.event_handler.log_command:Invoking command in '/home/stefan-linux/repos/SpaceConcordiaDemo/ros2_ws/src/py_sub': PYTHONPATH=/home/stefan-linux/repos/SpaceConcordiaDemo/ros2_ws/build/py_sub/prefix_override:/home/stefan-linux/repos/SpaceConcordiaDemo/ros2_ws/install/py_sub/lib/python3.10/site-packages:${PYTHONPATH} /usr/bin/python3 setup.py egg_info --egg-base ../../build/py_sub build --build-base /home/stefan-linux/repos/SpaceConcordiaDemo/ros2_ws/build/py_sub/build install --record /home/stefan-linux/repos/SpaceConcordiaDemo/ros2_ws/build/py_sub/install.log --single-version-externally-managed
[3.589s] DEBUG:colcon.colcon_core.event_handler.log_command:Invoked command in '/home/stefan-linux/repos/SpaceConcordiaDemo/ros2_ws/src/py_sub' returned '0': PYTHONPATH=/home/stefan-linux/repos/SpaceConcordiaDemo/ros2_ws/build/py_sub/prefix_override:/home/stefan-linux/repos/SpaceConcordiaDemo/ros2_ws/install/py_sub/lib/python3.10/site-packages:${PYTHONPATH} /usr/bin/python3 setup.py egg_info --egg-base ../../build/py_sub build --build-base /home/stefan-linux/repos/SpaceConcordiaDemo/ros2_ws/build/py_sub/build install --record /home/stefan-linux/repos/SpaceConcordiaDemo/ros2_ws/build/py_sub/install.log --single-version-externally-managed
[3.614s] Level 1:colcon.colcon_core.environment:checking '/home/stefan-linux/repos/SpaceConcordiaDemo/ros2_ws/install/py_sub' for CMake module files
[3.614s] Level 1:colcon.colcon_core.environment:checking '/home/stefan-linux/repos/SpaceConcordiaDemo/ros2_ws/install/py_sub' for CMake config files
[3.615s] Level 1:colcon.colcon_core.environment:checking '/home/stefan-linux/repos/SpaceConcordiaDemo/ros2_ws/install/py_sub/lib'
[3.615s] Level 1:colcon.colcon_core.environment:checking '/home/stefan-linux/repos/SpaceConcordiaDemo/ros2_ws/install/py_sub/bin'
[3.615s] Level 1:colcon.colcon_core.environment:checking '/home/stefan-linux/repos/SpaceConcordiaDemo/ros2_ws/install/py_sub/lib/pkgconfig/py_sub.pc'
[3.616s] Level 1:colcon.colcon_core.environment:checking '/home/stefan-linux/repos/SpaceConcordiaDemo/ros2_ws/install/py_sub/lib/python3.10/site-packages'
[3.616s] Level 1:colcon.colcon_core.shell:create_environment_hook('py_sub', 'pythonpath')
[3.633s] INFO:colcon.colcon_core.shell:Creating environment hook '/home/stefan-linux/repos/SpaceConcordiaDemo/ros2_ws/install/py_sub/share/py_sub/hook/pythonpath.ps1'
[3.633s] INFO:colcon.colcon_core.shell:Creating environment descriptor '/home/stefan-linux/repos/SpaceConcordiaDemo/ros2_ws/install/py_sub/share/py_sub/hook/pythonpath.dsv'
[3.634s] INFO:colcon.colcon_core.shell:Creating environment hook '/home/stefan-linux/repos/SpaceConcordiaDemo/ros2_ws/install/py_sub/share/py_sub/hook/pythonpath.sh'
[3.634s] Level 1:colcon.colcon_core.environment:checking '/home/stefan-linux/repos/SpaceConcordiaDemo/ros2_ws/install/py_sub/bin'
[3.634s] Level 1:colcon.colcon_core.environment:create_environment_scripts_only(py_sub)
[3.651s] INFO:colcon.colcon_core.shell:Creating package script '/home/stefan-linux/repos/SpaceConcordiaDemo/ros2_ws/install/py_sub/share/py_sub/package.ps1'
[3.673s] INFO:colcon.colcon_core.shell:Creating package descriptor '/home/stefan-linux/repos/SpaceConcordiaDemo/ros2_ws/install/py_sub/share/py_sub/package.dsv'
[3.674s] INFO:colcon.colcon_core.shell:Creating package script '/home/stefan-linux/repos/SpaceConcordiaDemo/ros2_ws/install/py_sub/share/py_sub/package.sh'
[3.675s] INFO:colcon.colcon_core.shell:Creating package script '/home/stefan-linux/repos/SpaceConcordiaDemo/ros2_ws/install/py_sub/share/py_sub/package.bash'
[3.676s] INFO:colcon.colcon_core.shell:Creating package script '/home/stefan-linux/repos/SpaceConcordiaDemo/ros2_ws/install/py_sub/share/py_sub/package.zsh'
[3.677s] Level 1:colcon.colcon_core.environment:create_file_with_runtime_dependencies(/home/stefan-linux/repos/SpaceConcordiaDemo/ros2_ws/install/py_sub/share/colcon-core/packages/py_sub)
[8.067s] DEBUG:colcon.colcon_core.event_handler.log_command:Invoked command in '/home/stefan-linux/repos/SpaceConcordiaDemo/ros2_ws/build/cpp_pub' returned '0': CMAKE_PREFIX_PATH=${CMAKE_PREFIX_PATH}:/home/stefan-linux/repos/SpaceConcordiaDemo/ros2_ws/install/py_sub:/opt/ros/humble /usr/bin/cmake --build /home/stefan-linux/repos/SpaceConcordiaDemo/ros2_ws/build/cpp_pub -- -j8 -l8
[8.126s] DEBUG:colcon.colcon_core.event_handler.log_command:Invoking command in '/home/stefan-linux/repos/SpaceConcordiaDemo/ros2_ws/build/cpp_pub': CMAKE_PREFIX_PATH=${CMAKE_PREFIX_PATH}:/home/stefan-linux/repos/SpaceConcordiaDemo/ros2_ws/install/py_sub:/opt/ros/humble /usr/bin/cmake --install /home/stefan-linux/repos/SpaceConcordiaDemo/ros2_ws/build/cpp_pub
[8.184s] Level 1:colcon.colcon_core.environment:create_environment_scripts_only(cpp_pub)
[8.185s] DEBUG:colcon.colcon_core.event_handler.log_command:Invoked command in '/home/stefan-linux/repos/SpaceConcordiaDemo/ros2_ws/build/cpp_pub' returned '0': CMAKE_PREFIX_PATH=${CMAKE_PREFIX_PATH}:/home/stefan-linux/repos/SpaceConcordiaDemo/ros2_ws/install/py_sub:/opt/ros/humble /usr/bin/cmake --install /home/stefan-linux/repos/SpaceConcordiaDemo/ros2_ws/build/cpp_pub
[8.254s] Level 1:colcon.colcon_core.environment:checking '/home/stefan-linux/repos/SpaceConcordiaDemo/ros2_ws/install/cpp_pub' for CMake module files
[8.255s] Level 1:colcon.colcon_core.environment:checking '/home/stefan-linux/repos/SpaceConcordiaDemo/ros2_ws/install/cpp_pub' for CMake config files
[8.256s] Level 1:colcon.colcon_core.shell:create_environment_hook('cpp_pub', 'cmake_prefix_path')
[8.312s] INFO:colcon.colcon_core.shell:Creating environment hook '/home/stefan-linux/repos/SpaceConcordiaDemo/ros2_ws/install/cpp_pub/share/cpp_pub/hook/cmake_prefix_path.ps1'
[8.314s] INFO:colcon.colcon_core.shell:Creating environment descriptor '/home/stefan-linux/repos/SpaceConcordiaDemo/ros2_ws/install/cpp_pub/share/cpp_pub/hook/cmake_prefix_path.dsv'
[8.314s] INFO:colcon.colcon_core.shell:Creating environment hook '/home/stefan-linux/repos/SpaceConcordiaDemo/ros2_ws/install/cpp_pub/share/cpp_pub/hook/cmake_prefix_path.sh'
[8.316s] Level 1:colcon.colcon_core.environment:checking '/home/stefan-linux/repos/SpaceConcordiaDemo/ros2_ws/install/cpp_pub/lib'
[8.316s] Level 1:colcon.colcon_core.environment:checking '/home/stefan-linux/repos/SpaceConcordiaDemo/ros2_ws/install/cpp_pub/bin'
[8.316s] Level 1:colcon.colcon_core.environment:checking '/home/stefan-linux/repos/SpaceConcordiaDemo/ros2_ws/install/cpp_pub/lib/pkgconfig/cpp_pub.pc'
[8.317s] Level 1:colcon.colcon_core.environment:checking '/home/stefan-linux/repos/SpaceConcordiaDemo/ros2_ws/install/cpp_pub/lib/python3.10/site-packages'
[8.318s] Level 1:colcon.colcon_core.environment:checking '/home/stefan-linux/repos/SpaceConcordiaDemo/ros2_ws/install/cpp_pub/bin'
[8.372s] INFO:colcon.colcon_core.shell:Creating package script '/home/stefan-linux/repos/SpaceConcordiaDemo/ros2_ws/install/cpp_pub/share/cpp_pub/package.ps1'
[8.374s] INFO:colcon.colcon_core.shell:Creating package descriptor '/home/stefan-linux/repos/SpaceConcordiaDemo/ros2_ws/install/cpp_pub/share/cpp_pub/package.dsv'
[8.375s] INFO:colcon.colcon_core.shell:Creating package script '/home/stefan-linux/repos/SpaceConcordiaDemo/ros2_ws/install/cpp_pub/share/cpp_pub/package.sh'
[8.376s] INFO:colcon.colcon_core.shell:Creating package script '/home/stefan-linux/repos/SpaceConcordiaDemo/ros2_ws/install/cpp_pub/share/cpp_pub/package.bash'
[8.378s] INFO:colcon.colcon_core.shell:Creating package script '/home/stefan-linux/repos/SpaceConcordiaDemo/ros2_ws/install/cpp_pub/share/cpp_pub/package.zsh'
[8.379s] Level 1:colcon.colcon_core.environment:create_file_with_runtime_dependencies(/home/stefan-linux/repos/SpaceConcordiaDemo/ros2_ws/install/cpp_pub/share/colcon-core/packages/cpp_pub)
[8.511s] Level 1:colcon.colcon_core.environment:create_environment_scripts_only(cpp_pub)
[8.567s] Level 1:colcon.colcon_core.environment:checking '/home/stefan-linux/repos/SpaceConcordiaDemo/ros2_ws/install/cpp_pub' for CMake module files
[8.568s] Level 1:colcon.colcon_core.environment:checking '/home/stefan-linux/repos/SpaceConcordiaDemo/ros2_ws/install/cpp_pub' for CMake config files
[8.569s] Level 1:colcon.colcon_core.shell:create_environment_hook('cpp_pub', 'cmake_prefix_path')
[8.627s] INFO:colcon.colcon_core.shell:Creating environment hook '/home/stefan-linux/repos/SpaceConcordiaDemo/ros2_ws/install/cpp_pub/share/cpp_pub/hook/cmake_prefix_path.ps1'
[8.628s] INFO:colcon.colcon_core.shell:Creating environment descriptor '/home/stefan-linux/repos/SpaceConcordiaDemo/ros2_ws/install/cpp_pub/share/cpp_pub/hook/cmake_prefix_path.dsv'
[8.629s] INFO:colcon.colcon_core.shell:Creating environment hook '/home/stefan-linux/repos/SpaceConcordiaDemo/ros2_ws/install/cpp_pub/share/cpp_pub/hook/cmake_prefix_path.sh'
[8.631s] Level 1:colcon.colcon_core.environment:checking '/home/stefan-linux/repos/SpaceConcordiaDemo/ros2_ws/install/cpp_pub/lib'
[8.631s] Level 1:colcon.colcon_core.environment:checking '/home/stefan-linux/repos/SpaceConcordiaDemo/ros2_ws/install/cpp_pub/bin'
[8.631s] Level 1:colcon.colcon_core.environment:checking '/home/stefan-linux/repos/SpaceConcordiaDemo/ros2_ws/install/cpp_pub/lib/pkgconfig/cpp_pub.pc'
[8.632s] Level 1:colcon.colcon_core.environment:checking '/home/stefan-linux/repos/SpaceConcordiaDemo/ros2_ws/install/cpp_pub/lib/python3.10/site-packages'
[8.633s] Level 1:colcon.colcon_core.environment:checking '/home/stefan-linux/repos/SpaceConcordiaDemo/ros2_ws/install/cpp_pub/bin'
[8.688s] INFO:colcon.colcon_core.shell:Creating package script '/home/stefan-linux/repos/SpaceConcordiaDemo/ros2_ws/install/cpp_pub/share/cpp_pub/package.ps1'
[8.690s] INFO:colcon.colcon_core.shell:Creating package descriptor '/home/stefan-linux/repos/SpaceConcordiaDemo/ros2_ws/install/cpp_pub/share/cpp_pub/package.dsv'
[8.691s] INFO:colcon.colcon_core.shell:Creating package script '/home/stefan-linux/repos/SpaceConcordiaDemo/ros2_ws/install/cpp_pub/share/cpp_pub/package.sh'
[8.692s] INFO:colcon.colcon_core.shell:Creating package script '/home/stefan-linux/repos/SpaceConcordiaDemo/ros2_ws/install/cpp_pub/share/cpp_pub/package.bash'
[8.693s] INFO:colcon.colcon_core.shell:Creating package script '/home/stefan-linux/repos/SpaceConcordiaDemo/ros2_ws/install/cpp_pub/share/cpp_pub/package.zsh'
[8.694s] Level 1:colcon.colcon_core.environment:create_file_with_runtime_dependencies(/home/stefan-linux/repos/SpaceConcordiaDemo/ros2_ws/install/cpp_pub/share/colcon-core/packages/cpp_pub)
[8.695s] DEBUG:colcon.colcon_parallel_executor.executor.parallel:closing loop
[8.696s] DEBUG:colcon.colcon_parallel_executor.executor.parallel:loop closed
[8.696s] DEBUG:colcon.colcon_parallel_executor.executor.parallel:run_until_complete finished with '0'
[8.696s] DEBUG:colcon.colcon_core.event_reactor:joining thread
[8.801s] INFO:colcon.colcon_core.plugin_system:Skipping extension 'colcon_notification.desktop_notification.terminal_notifier': Not used on non-Darwin systems
[8.801s] INFO:colcon.colcon_core.plugin_system:Skipping extension 'colcon_notification.desktop_notification.win32': Not used on non-Windows systems
[8.801s] INFO:colcon.colcon_notification.desktop_notification:Sending desktop notification using 'notify2'
[8.833s] DEBUG:colcon.colcon_core.event_reactor:joined thread
[8.875s] INFO:colcon.colcon_core.shell:Creating prefix script '/home/stefan-linux/repos/SpaceConcordiaDemo/ros2_ws/install/local_setup.ps1'
[8.879s] INFO:colcon.colcon_core.shell:Creating prefix util module '/home/stefan-linux/repos/SpaceConcordiaDemo/ros2_ws/install/_local_setup_util_ps1.py'
[8.882s] INFO:colcon.colcon_core.shell:Creating prefix chain script '/home/stefan-linux/repos/SpaceConcordiaDemo/ros2_ws/install/setup.ps1'
[8.929s] INFO:colcon.colcon_core.shell:Creating prefix script '/home/stefan-linux/repos/SpaceConcordiaDemo/ros2_ws/install/local_setup.sh'
[8.930s] INFO:colcon.colcon_core.shell:Creating prefix util module '/home/stefan-linux/repos/SpaceConcordiaDemo/ros2_ws/install/_local_setup_util_sh.py'
[8.931s] INFO:colcon.colcon_core.shell:Creating prefix chain script '/home/stefan-linux/repos/SpaceConcordiaDemo/ros2_ws/install/setup.sh'
[8.984s] INFO:colcon.colcon_core.shell:Creating prefix script '/home/stefan-linux/repos/SpaceConcordiaDemo/ros2_ws/install/local_setup.bash'
[8.985s] INFO:colcon.colcon_core.shell:Creating prefix chain script '/home/stefan-linux/repos/SpaceConcordiaDemo/ros2_ws/install/setup.bash'
[9.036s] INFO:colcon.colcon_core.shell:Creating prefix script '/home/stefan-linux/repos/SpaceConcordiaDemo/ros2_ws/install/local_setup.zsh'
[9.037s] INFO:colcon.colcon_core.shell:Creating prefix chain script '/home/stefan-linux/repos/SpaceConcordiaDemo/ros2_ws/install/setup.zsh'
