[0.135s] Invoking command in '/home/stefan-linux/repos/SpaceConcordiaDemo/ros2_ws/build/cpp_pub': CMAKE_PREFIX_PATH=/opt/ros/humble /usr/bin/cmake --build /home/stefan-linux/repos/SpaceConcordiaDemo/ros2_ws/build/cpp_pub -- -j8 -l8
[0.180s] [35m[1mConsolidate compiler generated dependencies of target talker[0m
[0.199s] [ 50%] [32mBuilding CXX object CMakeFiles/talker.dir/src/publisher_member_function.cpp.o[0m
[3.024s] [01m[K/home/stefan-linux/repos/SpaceConcordiaDemo/ros2_ws/src/cpp_pub/src/publisher_member_function.cpp:[m[K In member function ‘[01m[Kvoid MinimalPublisher::timer_callback()[m[K’:
[3.024s] [01m[K/home/stefan-linux/repos/SpaceConcordiaDemo/ros2_ws/src/cpp_pub/src/publisher_member_function.cpp:30:26:[m[K [01;31m[Kerror: [m[Kno matching function for call to ‘[01m[Kstd::mersenne_twister_engine<long unsigned int, 32, 624, 397, 31, 2567483615, 11, 4294967295, 7, 2636928640, 15, 4022730752, 18, 1812433253>::mersenne_twister_engine(std::random_device&)[m[K’
[3.025s]    30 |       std::mt19937 eng(rd[01;31m[K)[m[K; //random engine
[3.025s]       |                          [01;31m[K^[m[K
[3.025s] In file included from [01m[K/usr/include/c++/11/random:49[m[K,
[3.025s]                  from [01m[K/home/stefan-linux/repos/SpaceConcordiaDemo/ros2_ws/src/cpp_pub/src/publisher_member_function.cpp:9[m[K:
[3.025s] [01m[K/usr/include/c++/11/bits/random.h:541:9:[m[K [01;36m[Knote: [m[Kcandidate: ‘[01m[Ktemplate<class _Sseq, class> std::mersenne_twister_engine<_UIntType, __w, __n, __m, __r, __a, __u, __d, __s, __b, __t, __c, __l, __f>::mersenne_twister_engine(_Sseq&) [with _Sseq = _Sseq; <template-parameter-2-2> = <template-parameter-1-2>; _UIntType = long unsigned int; long unsigned int __w = 32; long unsigned int __n = 624; long unsigned int __m = 397; long unsigned int __r = 31; _UIntType __a = 2567483615; long unsigned int __u = 11; _UIntType __d = 4294967295; long unsigned int __s = 7; _UIntType __b = 2636928640; long unsigned int __t = 15; _UIntType __c = 4022730752; long unsigned int __l = 18; _UIntType __f = 1812433253][m[K’
[3.025s]   541 |         [01;36m[Kmersenne_twister_engine[m[K(_Sseq& __q)
[3.025s]       |         [01;36m[K^~~~~~~~~~~~~~~~~~~~~~~[m[K
[3.025s] [01m[K/usr/include/c++/11/bits/random.h:541:9:[m[K [01;36m[Knote: [m[K  template argument deduction/substitution failed:
[3.025s] /usr/include/c++/11/bits/random.h: In substitution of ‘[01m[Ktemplate<class _UIntType, long unsigned int __w, long unsigned int __n, long unsigned int __m, long unsigned int __r, _UIntType __a, long unsigned int __u, _UIntType __d, long unsigned int __s, _UIntType __b, long unsigned int __t, _UIntType __c, long unsigned int __l, _UIntType __f> template<class _Sseq> using _If_seed_seq = typename std::enable_if<std::__detail::__is_seed_seq<_Sseq, std::mersenne_twister_engine<_UIntType, __w, __n, __m, __r, __a, __u, __d, __s, __b, __t, __c, __l, __f>, _UIntType>::value>::type [with _Sseq = std::random_device; _UIntType = long unsigned int; long unsigned int __w = 32; long unsigned int __n = 624; long unsigned int __m = 397; long unsigned int __r = 31; _UIntType __a = 2567483615; long unsigned int __u = 11; _UIntType __d = 4294967295; long unsigned int __s = 7; _UIntType __b = 2636928640; long unsigned int __t = 15; _UIntType __c = 4022730752; long unsigned int __l = 18; _UIntType __f = 1812433253][m[K’:
[3.026s] [01m[K/usr/include/c++/11/bits/random.h:539:32:[m[K   required from here
[3.026s] [01m[K/usr/include/c++/11/bits/random.h:502:15:[m[K [01;31m[Kerror: [m[K‘[01m[Kclass std::random_device[m[K’ has no member named ‘[01m[Kgenerate[m[K’
[3.026s]   502 |         using [01;31m[K_If_seed_seq[m[K = typename enable_if<__detail::__is_seed_seq<
[3.026s]       |               [01;31m[K^~~~~~~~~~~~[m[K
[3.026s] [01m[K/usr/include/c++/11/bits/random.h:530:7:[m[K [01;36m[Knote: [m[Kcandidate: ‘[01m[Kstd::mersenne_twister_engine<_UIntType, __w, __n, __m, __r, __a, __u, __d, __s, __b, __t, __c, __l, __f>::mersenne_twister_engine(std::mersenne_twister_engine<_UIntType, __w, __n, __m, __r, __a, __u, __d, __s, __b, __t, __c, __l, __f>::result_type) [with _UIntType = long unsigned int; long unsigned int __w = 32; long unsigned int __n = 624; long unsigned int __m = 397; long unsigned int __r = 31; _UIntType __a = 2567483615; long unsigned int __u = 11; _UIntType __d = 4294967295; long unsigned int __s = 7; _UIntType __b = 2636928640; long unsigned int __t = 15; _UIntType __c = 4022730752; long unsigned int __l = 18; _UIntType __f = 1812433253; std::mersenne_twister_engine<_UIntType, __w, __n, __m, __r, __a, __u, __d, __s, __b, __t, __c, __l, __f>::result_type = long unsigned int][m[K’
[3.026s]   530 |       [01;36m[Kmersenne_twister_engine[m[K(result_type __sd)
[3.026s]       |       [01;36m[K^~~~~~~~~~~~~~~~~~~~~~~[m[K
[3.026s] [01m[K/usr/include/c++/11/bits/random.h:530:43:[m[K [01;36m[Knote: [m[K  no known conversion for argument 1 from ‘[01m[Kstd::random_device[m[K’ to ‘[01m[Kstd::mersenne_twister_engine<long unsigned int, 32, 624, 397, 31, 2567483615, 11, 4294967295, 7, 2636928640, 15, 4022730752, 18, 1812433253>::result_type[m[K’ {aka ‘[01m[Klong unsigned int[m[K’}
[3.026s]   530 |       mersenne_twister_engine([01;36m[Kresult_type __sd[m[K)
[3.026s]       |                               [01;36m[K~~~~~~~~~~~~^~~~[m[K
[3.026s] [01m[K/usr/include/c++/11/bits/random.h:527:7:[m[K [01;36m[Knote: [m[Kcandidate: ‘[01m[Kstd::mersenne_twister_engine<_UIntType, __w, __n, __m, __r, __a, __u, __d, __s, __b, __t, __c, __l, __f>::mersenne_twister_engine() [with _UIntType = long unsigned int; long unsigned int __w = 32; long unsigned int __n = 624; long unsigned int __m = 397; long unsigned int __r = 31; _UIntType __a = 2567483615; long unsigned int __u = 11; _UIntType __d = 4294967295; long unsigned int __s = 7; _UIntType __b = 2636928640; long unsigned int __t = 15; _UIntType __c = 4022730752; long unsigned int __l = 18; _UIntType __f = 1812433253][m[K’
[3.026s]   527 |       [01;36m[Kmersenne_twister_engine[m[K() : mersenne_twister_engine(default_seed) { }
[3.026s]       |       [01;36m[K^~~~~~~~~~~~~~~~~~~~~~~[m[K
[3.026s] [01m[K/usr/include/c++/11/bits/random.h:527:7:[m[K [01;36m[Knote: [m[K  candidate expects 0 arguments, 1 provided
[3.026s] [01m[K/usr/include/c++/11/bits/random.h:472:11:[m[K [01;36m[Knote: [m[Kcandidate: ‘[01m[Kconstexpr std::mersenne_twister_engine<long unsigned int, 32, 624, 397, 31, 2567483615, 11, 4294967295, 7, 2636928640, 15, 4022730752, 18, 1812433253>::mersenne_twister_engine(const std::mersenne_twister_engine<long unsigned int, 32, 624, 397, 31, 2567483615, 11, 4294967295, 7, 2636928640, 15, 4022730752, 18, 1812433253>&)[m[K’
[3.026s]   472 |     class [01;36m[Kmersenne_twister_engine[m[K
[3.027s]       |           [01;36m[K^~~~~~~~~~~~~~~~~~~~~~~[m[K
[3.027s] [01m[K/usr/include/c++/11/bits/random.h:472:11:[m[K [01;36m[Knote: [m[K  no known conversion for argument 1 from ‘[01m[Kstd::random_device[m[K’ to ‘[01m[Kconst std::mersenne_twister_engine<long unsigned int, 32, 624, 397, 31, 2567483615, 11, 4294967295, 7, 2636928640, 15, 4022730752, 18, 1812433253>&[m[K’
[3.027s] [01m[K/usr/include/c++/11/bits/random.h:472:11:[m[K [01;36m[Knote: [m[Kcandidate: ‘[01m[Kconstexpr std::mersenne_twister_engine<long unsigned int, 32, 624, 397, 31, 2567483615, 11, 4294967295, 7, 2636928640, 15, 4022730752, 18, 1812433253>::mersenne_twister_engine(std::mersenne_twister_engine<long unsigned int, 32, 624, 397, 31, 2567483615, 11, 4294967295, 7, 2636928640, 15, 4022730752, 18, 1812433253>&&)[m[K’
[3.027s] [01m[K/usr/include/c++/11/bits/random.h:472:11:[m[K [01;36m[Knote: [m[K  no known conversion for argument 1 from ‘[01m[Kstd::random_device[m[K’ to ‘[01m[Kstd::mersenne_twister_engine<long unsigned int, 32, 624, 397, 31, 2567483615, 11, 4294967295, 7, 2636928640, 15, 4022730752, 18, 1812433253>&&[m[K’
[3.917s] gmake[2]: *** [CMakeFiles/talker.dir/build.make:76: CMakeFiles/talker.dir/src/publisher_member_function.cpp.o] Error 1
[3.917s] gmake[1]: *** [CMakeFiles/Makefile2:137: CMakeFiles/talker.dir/all] Error 2
[3.918s] gmake: *** [Makefile:146: all] Error 2
[3.920s] Invoked command in '/home/stefan-linux/repos/SpaceConcordiaDemo/ros2_ws/build/cpp_pub' returned '2': CMAKE_PREFIX_PATH=/opt/ros/humble /usr/bin/cmake --build /home/stefan-linux/repos/SpaceConcordiaDemo/ros2_ws/build/cpp_pub -- -j8 -l8
