[1.172s] Invoking command in '/home/stefan-linux/repos/SpaceConcordiaDemo/ros2_ws/src/py_sub': PYTHONPATH=/home/stefan-linux/repos/SpaceConcordiaDemo/ros2_ws/build/py_sub/prefix_override:/home/stefan-linux/repos/SpaceConcordiaDemo/ros2_ws/install/py_sub/lib/python3.10/site-packages:${PYTHONPATH} /usr/bin/python3 setup.py egg_info --egg-base ../../build/py_sub build --build-base /home/stefan-linux/repos/SpaceConcordiaDemo/ros2_ws/build/py_sub/build install --record /home/stefan-linux/repos/SpaceConcordiaDemo/ros2_ws/build/py_sub/install.log --single-version-externally-managed
[1.430s] running egg_info
[1.431s] creating ../../build/py_sub/py_sub.egg-info
[1.431s] writing ../../build/py_sub/py_sub.egg-info/PKG-INFO
[1.431s] writing dependency_links to ../../build/py_sub/py_sub.egg-info/dependency_links.txt
[1.432s] writing entry points to ../../build/py_sub/py_sub.egg-info/entry_points.txt
[1.432s] writing requirements to ../../build/py_sub/py_sub.egg-info/requires.txt
[1.432s] writing top-level names to ../../build/py_sub/py_sub.egg-info/top_level.txt
[1.432s] writing manifest file '../../build/py_sub/py_sub.egg-info/SOURCES.txt'
[1.433s] reading manifest file '../../build/py_sub/py_sub.egg-info/SOURCES.txt'
[1.434s] adding license file 'LICENSE'
[1.434s] writing manifest file '../../build/py_sub/py_sub.egg-info/SOURCES.txt'
[1.434s] running build
[1.435s] running build_py
[1.435s] creating /home/stefan-linux/repos/SpaceConcordiaDemo/ros2_ws/build/py_sub/build
[1.435s] creating /home/stefan-linux/repos/SpaceConcordiaDemo/ros2_ws/build/py_sub/build/lib
[1.435s] creating /home/stefan-linux/repos/SpaceConcordiaDemo/ros2_ws/build/py_sub/build/lib/py_sub
[1.435s] copying py_sub/__init__.py -> /home/stefan-linux/repos/SpaceConcordiaDemo/ros2_ws/build/py_sub/build/lib/py_sub
[1.435s] copying py_sub/subscriber_member_function.py -> /home/stefan-linux/repos/SpaceConcordiaDemo/ros2_ws/build/py_sub/build/lib/py_sub
[1.435s] running install
[1.435s] running install_lib
[1.436s] creating /home/stefan-linux/repos/SpaceConcordiaDemo/ros2_ws/install/py_sub/lib/python3.10/site-packages/py_sub
[1.436s] copying /home/stefan-linux/repos/SpaceConcordiaDemo/ros2_ws/build/py_sub/build/lib/py_sub/__init__.py -> /home/stefan-linux/repos/SpaceConcordiaDemo/ros2_ws/install/py_sub/lib/python3.10/site-packages/py_sub
[1.436s] copying /home/stefan-linux/repos/SpaceConcordiaDemo/ros2_ws/build/py_sub/build/lib/py_sub/subscriber_member_function.py -> /home/stefan-linux/repos/SpaceConcordiaDemo/ros2_ws/install/py_sub/lib/python3.10/site-packages/py_sub
[1.437s] byte-compiling /home/stefan-linux/repos/SpaceConcordiaDemo/ros2_ws/install/py_sub/lib/python3.10/site-packages/py_sub/__init__.py to __init__.cpython-310.pyc
[1.437s] byte-compiling /home/stefan-linux/repos/SpaceConcordiaDemo/ros2_ws/install/py_sub/lib/python3.10/site-packages/py_sub/subscriber_member_function.py to subscriber_member_function.cpython-310.pyc
[1.438s] running install_data
[1.438s] creating /home/stefan-linux/repos/SpaceConcordiaDemo/ros2_ws/install/py_sub/share/ament_index
[1.438s] creating /home/stefan-linux/repos/SpaceConcordiaDemo/ros2_ws/install/py_sub/share/ament_index/resource_index
[1.439s] creating /home/stefan-linux/repos/SpaceConcordiaDemo/ros2_ws/install/py_sub/share/ament_index/resource_index/packages
[1.439s] copying resource/py_sub -> /home/stefan-linux/repos/SpaceConcordiaDemo/ros2_ws/install/py_sub/share/ament_index/resource_index/packages
[1.439s] copying package.xml -> /home/stefan-linux/repos/SpaceConcordiaDemo/ros2_ws/install/py_sub/share/py_sub
[1.439s] running install_egg_info
[1.440s] Copying ../../build/py_sub/py_sub.egg-info to /home/stefan-linux/repos/SpaceConcordiaDemo/ros2_ws/install/py_sub/lib/python3.10/site-packages/py_sub-0.0.0-py3.10.egg-info
[1.441s] running install_scripts
[1.460s] Installing listener script to /home/stefan-linux/repos/SpaceConcordiaDemo/ros2_ws/install/py_sub/lib/py_sub
[1.461s] writing list of installed files to '/home/stefan-linux/repos/SpaceConcordiaDemo/ros2_ws/build/py_sub/install.log'
[1.484s] Invoked command in '/home/stefan-linux/repos/SpaceConcordiaDemo/ros2_ws/src/py_sub' returned '0': PYTHONPATH=/home/stefan-linux/repos/SpaceConcordiaDemo/ros2_ws/build/py_sub/prefix_override:/home/stefan-linux/repos/SpaceConcordiaDemo/ros2_ws/install/py_sub/lib/python3.10/site-packages:${PYTHONPATH} /usr/bin/python3 setup.py egg_info --egg-base ../../build/py_sub build --build-base /home/stefan-linux/repos/SpaceConcordiaDemo/ros2_ws/build/py_sub/build install --record /home/stefan-linux/repos/SpaceConcordiaDemo/ros2_ws/build/py_sub/install.log --single-version-externally-managed
