[1.106s] Invoking command in '/home/stefan-linux/repos/SpaceConcordiaDemo/ros2_ws/src/py_sub': PYTHONPATH=/home/stefan-linux/repos/SpaceConcordiaDemo/ros2_ws/build/py_sub/prefix_override:/home/stefan-linux/repos/SpaceConcordiaDemo/ros2_ws/install/py_sub/lib/python3.10/site-packages:${PYTHONPATH} /usr/bin/python3 setup.py egg_info --egg-base ../../build/py_sub build --build-base /home/stefan-linux/repos/SpaceConcordiaDemo/ros2_ws/build/py_sub/build install --record /home/stefan-linux/repos/SpaceConcordiaDemo/ros2_ws/build/py_sub/install.log --single-version-externally-managed
[1.522s] running egg_info
[1.523s] writing ../../build/py_sub/py_sub.egg-info/PKG-INFO
[1.523s] writing dependency_links to ../../build/py_sub/py_sub.egg-info/dependency_links.txt
[1.523s] writing entry points to ../../build/py_sub/py_sub.egg-info/entry_points.txt
[1.523s] writing requirements to ../../build/py_sub/py_sub.egg-info/requires.txt
[1.523s] writing top-level names to ../../build/py_sub/py_sub.egg-info/top_level.txt
[1.526s] reading manifest file '../../build/py_sub/py_sub.egg-info/SOURCES.txt'
[1.527s] adding license file 'LICENSE'
[1.528s] writing manifest file '../../build/py_sub/py_sub.egg-info/SOURCES.txt'
[1.528s] running build
[1.528s] running build_py
[1.528s] copying py_sub/subscriber_member_function.py -> /home/stefan-linux/repos/SpaceConcordiaDemo/ros2_ws/build/py_sub/build/lib/py_sub
[1.528s] running install
[1.529s] running install_lib
[1.530s] copying /home/stefan-linux/repos/SpaceConcordiaDemo/ros2_ws/build/py_sub/build/lib/py_sub/subscriber_member_function.py -> /home/stefan-linux/repos/SpaceConcordiaDemo/ros2_ws/install/py_sub/lib/python3.10/site-packages/py_sub
[1.530s] byte-compiling /home/stefan-linux/repos/SpaceConcordiaDemo/ros2_ws/install/py_sub/lib/python3.10/site-packages/py_sub/subscriber_member_function.py to subscriber_member_function.cpython-310.pyc
[1.531s] running install_data
[1.532s] running install_egg_info
[1.534s] removing '/home/stefan-linux/repos/SpaceConcordiaDemo/ros2_ws/install/py_sub/lib/python3.10/site-packages/py_sub-0.0.0-py3.10.egg-info' (and everything under it)
[1.534s] Copying ../../build/py_sub/py_sub.egg-info to /home/stefan-linux/repos/SpaceConcordiaDemo/ros2_ws/install/py_sub/lib/python3.10/site-packages/py_sub-0.0.0-py3.10.egg-info
[1.535s] running install_scripts
[1.559s] Installing listener script to /home/stefan-linux/repos/SpaceConcordiaDemo/ros2_ws/install/py_sub/lib/py_sub
[1.559s] writing list of installed files to '/home/stefan-linux/repos/SpaceConcordiaDemo/ros2_ws/build/py_sub/install.log'
[1.589s] Invoked command in '/home/stefan-linux/repos/SpaceConcordiaDemo/ros2_ws/src/py_sub' returned '0': PYTHONPATH=/home/stefan-linux/repos/SpaceConcordiaDemo/ros2_ws/build/py_sub/prefix_override:/home/stefan-linux/repos/SpaceConcordiaDemo/ros2_ws/install/py_sub/lib/python3.10/site-packages:${PYTHONPATH} /usr/bin/python3 setup.py egg_info --egg-base ../../build/py_sub build --build-base /home/stefan-linux/repos/SpaceConcordiaDemo/ros2_ws/build/py_sub/build install --record /home/stefan-linux/repos/SpaceConcordiaDemo/ros2_ws/build/py_sub/install.log --single-version-externally-managed
