[0.077s] Invoking command in '/home/stefan-linux/repos/SpaceConcordiaDemo/ros2_ws/build/cpp_pubsub': CMAKE_PREFIX_PATH=/opt/ros/humble /usr/bin/cmake --build /home/stefan-linux/repos/SpaceConcordiaDemo/ros2_ws/build/cpp_pubsub -- -j8 -l8
[0.098s] -- Found ament_cmake: 1.3.7 (/opt/ros/humble/share/ament_cmake/cmake)
[0.447s] -- Found rclcpp: 16.0.8 (/opt/ros/humble/share/rclcpp/cmake)
[0.566s] -- Found rosidl_generator_c: 3.1.5 (/opt/ros/humble/share/rosidl_generator_c/cmake)
[0.575s] -- Found rosidl_adapter: 3.1.5 (/opt/ros/humble/share/rosidl_adapter/cmake)
[0.603s] -- Found rosidl_generator_cpp: 3.1.5 (/opt/ros/humble/share/rosidl_generator_cpp/cmake)
[0.639s] -- Using all available rosidl_typesupport_c: rosidl_typesupport_fastrtps_c;rosidl_typesupport_introspection_c
[0.688s] -- Using all available rosidl_typesupport_cpp: rosidl_typesupport_fastrtps_cpp;rosidl_typesupport_introspection_cpp
[0.767s] -- Found rmw_implementation_cmake: 6.1.1 (/opt/ros/humble/share/rmw_implementation_cmake/cmake)
[0.768s] -- Found rmw_fastrtps_cpp: 6.2.6 (/opt/ros/humble/share/rmw_fastrtps_cpp/cmake)
[0.895s] -- Using RMW implementation 'rmw_fastrtps_cpp' as default
[1.143s] -- Configuring done
[1.163s] -- Generating done
[1.167s] -- Build files have been written to: /home/stefan-linux/repos/SpaceConcordiaDemo/ros2_ws/build/cpp_pubsub
[1.298s] [ 50%] [32mBuilding CXX object CMakeFiles/talker.dir/src/publisher_member_function.cpp.o[0m
[5.756s] [100%] [32m[1mLinking CXX executable talker[0m
[6.157s] [100%] Built target talker
[6.169s] Invoked command in '/home/stefan-linux/repos/SpaceConcordiaDemo/ros2_ws/build/cpp_pubsub' returned '0': CMAKE_PREFIX_PATH=/opt/ros/humble /usr/bin/cmake --build /home/stefan-linux/repos/SpaceConcordiaDemo/ros2_ws/build/cpp_pubsub -- -j8 -l8
[6.219s] Invoking command in '/home/stefan-linux/repos/SpaceConcordiaDemo/ros2_ws/build/cpp_pubsub': CMAKE_PREFIX_PATH=/opt/ros/humble /usr/bin/cmake --install /home/stefan-linux/repos/SpaceConcordiaDemo/ros2_ws/build/cpp_pubsub
[6.238s] -- Install configuration: ""
[6.238s] -- Installing: /home/stefan-linux/repos/SpaceConcordiaDemo/ros2_ws/install/cpp_pubsub/lib/cpp_pubsub/talker
[6.243s] -- Set runtime path of "/home/stefan-linux/repos/SpaceConcordiaDemo/ros2_ws/install/cpp_pubsub/lib/cpp_pubsub/talker" to ""
[6.244s] -- Installing: /home/stefan-linux/repos/SpaceConcordiaDemo/ros2_ws/install/cpp_pubsub/share/ament_index/resource_index/package_run_dependencies/cpp_pubsub
[6.244s] -- Up-to-date: /home/stefan-linux/repos/SpaceConcordiaDemo/ros2_ws/install/cpp_pubsub/share/ament_index/resource_index/parent_prefix_path/cpp_pubsub
[6.244s] -- Up-to-date: /home/stefan-linux/repos/SpaceConcordiaDemo/ros2_ws/install/cpp_pubsub/share/cpp_pubsub/environment/ament_prefix_path.sh
[6.245s] -- Installing: /home/stefan-linux/repos/SpaceConcordiaDemo/ros2_ws/install/cpp_pubsub/share/cpp_pubsub/environment/ament_prefix_path.dsv
[6.246s] -- Up-to-date: /home/stefan-linux/repos/SpaceConcordiaDemo/ros2_ws/install/cpp_pubsub/share/cpp_pubsub/environment/path.sh
[6.246s] -- Installing: /home/stefan-linux/repos/SpaceConcordiaDemo/ros2_ws/install/cpp_pubsub/share/cpp_pubsub/environment/path.dsv
[6.246s] -- Up-to-date: /home/stefan-linux/repos/SpaceConcordiaDemo/ros2_ws/install/cpp_pubsub/share/cpp_pubsub/local_setup.bash
[6.247s] -- Up-to-date: /home/stefan-linux/repos/SpaceConcordiaDemo/ros2_ws/install/cpp_pubsub/share/cpp_pubsub/local_setup.sh
[6.247s] -- Up-to-date: /home/stefan-linux/repos/SpaceConcordiaDemo/ros2_ws/install/cpp_pubsub/share/cpp_pubsub/local_setup.zsh
[6.247s] -- Installing: /home/stefan-linux/repos/SpaceConcordiaDemo/ros2_ws/install/cpp_pubsub/share/cpp_pubsub/local_setup.dsv
[6.248s] -- Installing: /home/stefan-linux/repos/SpaceConcordiaDemo/ros2_ws/install/cpp_pubsub/share/cpp_pubsub/package.dsv
[6.248s] -- Up-to-date: /home/stefan-linux/repos/SpaceConcordiaDemo/ros2_ws/install/cpp_pubsub/share/ament_index/resource_index/packages/cpp_pubsub
[6.248s] -- Up-to-date: /home/stefan-linux/repos/SpaceConcordiaDemo/ros2_ws/install/cpp_pubsub/share/cpp_pubsub/cmake/cpp_pubsubConfig.cmake
[6.249s] -- Up-to-date: /home/stefan-linux/repos/SpaceConcordiaDemo/ros2_ws/install/cpp_pubsub/share/cpp_pubsub/cmake/cpp_pubsubConfig-version.cmake
[6.249s] -- Installing: /home/stefan-linux/repos/SpaceConcordiaDemo/ros2_ws/install/cpp_pubsub/share/cpp_pubsub/package.xml
[6.254s] Invoked command in '/home/stefan-linux/repos/SpaceConcordiaDemo/ros2_ws/build/cpp_pubsub' returned '0': CMAKE_PREFIX_PATH=/opt/ros/humble /usr/bin/cmake --install /home/stefan-linux/repos/SpaceConcordiaDemo/ros2_ws/build/cpp_pubsub
