[0.142s] Invoking command in '/home/stefan-linux/repos/SpaceConcordiaDemo/ros2_ws/build/cpp_pub': CMAKE_PREFIX_PATH=/opt/ros/humble /usr/bin/cmake /home/stefan-linux/repos/SpaceConcordiaDemo/ros2_ws/src/cpp_pub -DCMAKE_INSTALL_PREFIX=/home/stefan-linux/repos/SpaceConcordiaDemo/ros2_ws/install/cpp_pub
[0.251s] -- The C compiler identification is GNU 11.4.0
[0.422s] -- The CXX compiler identification is GNU 11.4.0
[0.435s] -- Detecting C compiler ABI info
[0.515s] -- Detecting C compiler ABI info - done
[0.523s] -- Check for working C compiler: /usr/bin/cc - skipped
[0.526s] -- Detecting C compile features
[0.527s] -- Detecting C compile features - done
[0.531s] -- Detecting CXX compiler ABI info
[0.619s] -- Detecting CXX compiler ABI info - done
[0.627s] -- Check for working CXX compiler: /usr/bin/c++ - skipped
[0.627s] -- Detecting CXX compile features
[0.628s] -- Detecting CXX compile features - done
[0.637s] -- Found ament_cmake: 1.3.7 (/opt/ros/humble/share/ament_cmake/cmake)
[0.935s] -- Found Python3: /usr/bin/python3.10 (found version "3.10.12") found components: Interpreter 
[1.026s] -- Found rclcpp: 16.0.8 (/opt/ros/humble/share/rclcpp/cmake)
[1.074s] -- Found rosidl_generator_c: 3.1.5 (/opt/ros/humble/share/rosidl_generator_c/cmake)
[1.080s] -- Found rosidl_adapter: 3.1.5 (/opt/ros/humble/share/rosidl_adapter/cmake)
[1.089s] -- Found rosidl_generator_cpp: 3.1.5 (/opt/ros/humble/share/rosidl_generator_cpp/cmake)
[1.105s] -- Using all available rosidl_typesupport_c: rosidl_typesupport_fastrtps_c;rosidl_typesupport_introspection_c
[1.126s] -- Using all available rosidl_typesupport_cpp: rosidl_typesupport_fastrtps_cpp;rosidl_typesupport_introspection_cpp
[1.205s] -- Found rmw_implementation_cmake: 6.1.1 (/opt/ros/humble/share/rmw_implementation_cmake/cmake)
[1.207s] -- Found rmw_fastrtps_cpp: 6.2.6 (/opt/ros/humble/share/rmw_fastrtps_cpp/cmake)
[1.309s] -- Found OpenSSL: /usr/lib/x86_64-linux-gnu/libcrypto.so (found version "3.0.2")  
[1.335s] -- Found FastRTPS: /opt/ros/humble/include  
[1.385s] -- Using RMW implementation 'rmw_fastrtps_cpp' as default
[1.397s] -- Looking for pthread.h
[1.475s] -- Looking for pthread.h - found
[1.476s] -- Performing Test CMAKE_HAVE_LIBC_PTHREAD
[1.553s] -- Performing Test CMAKE_HAVE_LIBC_PTHREAD - Success
[1.554s] -- Found Threads: TRUE  
[1.960s] [31mCMake Error at /opt/ros/humble/share/ament_cmake_core/cmake/core/ament_package_xml.cmake:53 (message):
[1.961s]   ament_package_xml() package name 'cpp_pub' in '/package.xml' does not match
[1.961s]   current PROJECT_NAME 'cpp_pubsub'.  You must call project() with the same
[1.961s]   package name before.
[1.961s] Call Stack (most recent call first):
[1.961s]   /opt/ros/humble/share/ament_cmake_core/cmake/core/ament_package.cmake:63 (ament_package_xml)
[1.962s]   CMakeLists.txt:24 (ament_package)
[1.962s] 
[1.962s] [0m
[1.962s] -- Configuring incomplete, errors occurred!
[1.962s] See also "/home/stefan-linux/repos/SpaceConcordiaDemo/ros2_ws/build/cpp_pub/CMakeFiles/CMakeOutput.log".
[1.983s] Invoked command in '/home/stefan-linux/repos/SpaceConcordiaDemo/ros2_ws/build/cpp_pub' returned '1': CMAKE_PREFIX_PATH=/opt/ros/humble /usr/bin/cmake /home/stefan-linux/repos/SpaceConcordiaDemo/ros2_ws/src/cpp_pub -DCMAKE_INSTALL_PREFIX=/home/stefan-linux/repos/SpaceConcordiaDemo/ros2_ws/install/cpp_pub
