[1.175s] Invoking command in '/home/stefan-linux/repos/SpaceConcordiaDemo/ros2_ws/src/py_sub': PYTHONPATH=/home/stefan-linux/repos/SpaceConcordiaDemo/ros2_ws/build/py_sub/prefix_override:/home/stefan-linux/repos/SpaceConcordiaDemo/ros2_ws/install/py_sub/lib/python3.10/site-packages:${PYTHONPATH} /usr/bin/python3 setup.py egg_info --egg-base ../../build/py_sub build --build-base /home/stefan-linux/repos/SpaceConcordiaDemo/ros2_ws/build/py_sub/build install --record /home/stefan-linux/repos/SpaceConcordiaDemo/ros2_ws/build/py_sub/install.log --single-version-externally-managed
[1.596s] running egg_info
[1.597s] writing ../../build/py_sub/py_sub.egg-info/PKG-INFO
[1.597s] writing dependency_links to ../../build/py_sub/py_sub.egg-info/dependency_links.txt
[1.597s] writing entry points to ../../build/py_sub/py_sub.egg-info/entry_points.txt
[1.597s] writing requirements to ../../build/py_sub/py_sub.egg-info/requires.txt
[1.597s] writing top-level names to ../../build/py_sub/py_sub.egg-info/top_level.txt
[1.599s] reading manifest file '../../build/py_sub/py_sub.egg-info/SOURCES.txt'
[1.599s] adding license file 'LICENSE'
[1.600s] writing manifest file '../../build/py_sub/py_sub.egg-info/SOURCES.txt'
[1.600s] running build
[1.600s] running build_py
[1.600s] copying py_sub/subscriber_member_function.py -> /home/stefan-linux/repos/SpaceConcordiaDemo/ros2_ws/build/py_sub/build/lib/py_sub
[1.601s] running install
[1.601s] running install_lib
[1.602s] copying /home/stefan-linux/repos/SpaceConcordiaDemo/ros2_ws/build/py_sub/build/lib/py_sub/subscriber_member_function.py -> /home/stefan-linux/repos/SpaceConcordiaDemo/ros2_ws/install/py_sub/lib/python3.10/site-packages/py_sub
[1.602s] byte-compiling /home/stefan-linux/repos/SpaceConcordiaDemo/ros2_ws/install/py_sub/lib/python3.10/site-packages/py_sub/subscriber_member_function.py to subscriber_member_function.cpython-310.pyc
[1.603s] running install_data
[1.603s] running install_egg_info
[1.605s] removing '/home/stefan-linux/repos/SpaceConcordiaDemo/ros2_ws/install/py_sub/lib/python3.10/site-packages/py_sub-0.0.0-py3.10.egg-info' (and everything under it)
[1.605s] Copying ../../build/py_sub/py_sub.egg-info to /home/stefan-linux/repos/SpaceConcordiaDemo/ros2_ws/install/py_sub/lib/python3.10/site-packages/py_sub-0.0.0-py3.10.egg-info
[1.606s] running install_scripts
[1.625s] Installing listener script to /home/stefan-linux/repos/SpaceConcordiaDemo/ros2_ws/install/py_sub/lib/py_sub
[1.626s] writing list of installed files to '/home/stefan-linux/repos/SpaceConcordiaDemo/ros2_ws/build/py_sub/install.log'
[1.650s] Invoked command in '/home/stefan-linux/repos/SpaceConcordiaDemo/ros2_ws/src/py_sub' returned '0': PYTHONPATH=/home/stefan-linux/repos/SpaceConcordiaDemo/ros2_ws/build/py_sub/prefix_override:/home/stefan-linux/repos/SpaceConcordiaDemo/ros2_ws/install/py_sub/lib/python3.10/site-packages:${PYTHONPATH} /usr/bin/python3 setup.py egg_info --egg-base ../../build/py_sub build --build-base /home/stefan-linux/repos/SpaceConcordiaDemo/ros2_ws/build/py_sub/build install --record /home/stefan-linux/repos/SpaceConcordiaDemo/ros2_ws/build/py_sub/install.log --single-version-externally-managed
